<?xml version="1.0" encoding="UTF-8" standalone="yes"?><tramsFile><driverModels><contractedHours>20</contractedHours><name>Max Mustermann</name><startDate>2020-07-22T21:28:04.071+02:00</startDate></driverModels><driverModels><contractedHours>20</contractedHours><name>Micha Mustermann</name><startDate>2013-05-20T21:28:04.082+02:00</startDate></driverModels><gameModel><balance>80000.0</balance><currentTime>2017-04-01T04:00:04.516+02:00</currentTime><difficultyLevel>EASY</difficultyLevel><passengerSatisfaction>100</passengerSatisfaction><playerName>Dave Lee</playerName><scenarioName>Landuff Transport Company</scenarioName><timeIncrement>15</timeIncrement></gameModel><journeyModels><journeyNumber>1</journeyNumber><routeNumber>155</routeNumber><routeScheduleNumber>1</routeScheduleNumber></journeyModels><journeyModels><journeyNumber>0</journeyNumber><routeNumber>X1</routeNumber><routeScheduleNumber>0</routeScheduleNumber><stopTimeModelList><journeyNumber>0</journeyNumber><routeNumber>X1</routeNumber><routeScheduleNumber>0</routeScheduleNumber><stopName>Airport</stopName><time>2017-04-01T06:00:04.117+02:00</time></stopTimeModelList><stopTimeModelList><journeyNumber>0</journeyNumber><routeNumber>X1</routeNumber><routeScheduleNumber>0</routeScheduleNumber><stopName>Bus Station</stopName><time>2017-04-01T06:15:04.117+02:00</time></stopTimeModelList></journeyModels><journeyModels><journeyNumber>1</journeyNumber><routeNumber>X1</routeNumber><routeScheduleNumber>0</routeScheduleNumber><stopTimeModelList><journeyNumber>1</journeyNumber><routeNumber>X1</routeNumber><routeScheduleNumber>0</routeScheduleNumber><stopName>Airport</stopName><time>2017-04-01T06:15:04.117+02:00</time></stopTimeModelList><stopTimeModelList><journeyNumber>1</journeyNumber><routeNumber>X1</routeNumber><routeScheduleNumber>0</routeScheduleNumber><stopName>Bus Station</stopName><time>2017-04-01T06:30:04.117+02:00</time></stopTimeModelList></journeyModels><journeyModels><journeyNumber>2</journeyNumber><routeNumber>X1</routeNumber><routeScheduleNumber>0</routeScheduleNumber><stopTimeModelList><journeyNumber>2</journeyNumber><routeNumber>X1</routeNumber><routeScheduleNumber>0</routeScheduleNumber><stopName>Airport</stopName><time>2017-04-01T06:30:04.117+02:00</time></stopTimeModelList><stopTimeModelList><journeyNumber>2</journeyNumber><routeNumber>X1</routeNumber><routeScheduleNumber>0</routeScheduleNumber><stopName>Bus Station</stopName><time>2017-04-01T06:45:04.117+02:00</time></stopTimeModelList></journeyModels><journeyModels><journeyNumber>3</journeyNumber><routeNumber>X1</routeNumber><routeScheduleNumber>0</routeScheduleNumber><stopTimeModelList><journeyNumber>3</journeyNumber><routeNumber>X1</routeNumber><routeScheduleNumber>0</routeScheduleNumber><stopName>Airport</stopName><time>2017-04-01T06:45:04.117+02:00</time></stopTimeModelList><stopTimeModelList><journeyNumber>3</journeyNumber><routeNumber>X1</routeNumber><routeScheduleNumber>0</routeScheduleNumber><stopName>Bus Station</stopName><time>2017-04-01T07:00:04.117+02:00</time></stopTimeModelList></journeyModels><journeyModels><journeyNumber>4</journeyNumber><routeNumber>X1</routeNumber><routeScheduleNumber>0</routeScheduleNumber><stopTimeModelList><journeyNumber>4</journeyNumber><routeNumber>X1</routeNumber><routeScheduleNumber>0</routeScheduleNumber><stopName>Airport</stopName><time>2017-04-01T07:00:04.117+02:00</time></stopTimeModelList><stopTimeModelList><journeyNumber>4</journeyNumber><routeNumber>X1</routeNumber><routeScheduleNumber>0</routeScheduleNumber><stopName>Bus Station</stopName><time>2017-04-01T07:15:04.117+02:00</time></stopTimeModelList></journeyModels><journeyModels><journeyNumber>5</journeyNumber><routeNumber>X1</routeNumber><routeScheduleNumber>0</routeScheduleNumber><stopTimeModelList><journeyNumber>5</journeyNumber><routeNumber>X1</routeNumber><routeScheduleNumber>0</routeScheduleNumber><stopName>Airport</stopName><time>2017-04-01T07:15:04.117+02:00</time></stopTimeModelList><stopTimeModelList><journeyNumber>5</journeyNumber><routeNumber>X1</routeNumber><routeScheduleNumber>0</routeScheduleNumber><stopName>Bus Station</stopName><time>2017-04-01T07:30:04.117+02:00</time></stopTimeModelList></journeyModels><journeyModels><journeyNumber>6</journeyNumber><routeNumber>X1</routeNumber><routeScheduleNumber>0</routeScheduleNumber><stopTimeModelList><journeyNumber>6</journeyNumber><routeNumber>X1</routeNumber><routeScheduleNumber>0</routeScheduleNumber><stopName>Airport</stopName><time>2017-04-01T07:30:04.117+02:00</time></stopTimeModelList><stopTimeModelList><journeyNumber>6</journeyNumber><routeNumber>X1</routeNumber><routeScheduleNumber>0</routeScheduleNumber><stopName>Bus Station</stopName><time>2017-04-01T07:45:04.117+02:00</time></stopTimeModelList></journeyModels><journeyModels><journeyNumber>7</journeyNumber><routeNumber>X1</routeNumber><routeScheduleNumber>0</routeScheduleNumber><stopTimeModelList><journeyNumber>7</journeyNumber><routeNumber>X1</routeNumber><routeScheduleNumber>0</routeScheduleNumber><stopName>Airport</stopName><time>2017-04-01T07:45:04.117+02:00</time></stopTimeModelList><stopTimeModelList><journeyNumber>7</journeyNumber><routeNumber>X1</routeNumber><routeScheduleNumber>0</routeScheduleNumber><stopName>Bus Station</stopName><time>2017-04-01T08:00:04.117+02:00</time></stopTimeModelList></journeyModels><journeyModels><journeyNumber>8</journeyNumber><routeNumber>X1</routeNumber><routeScheduleNumber>0</routeScheduleNumber><stopTimeModelList><journeyNumber>8</journeyNumber><routeNumber>X1</routeNumber><routeScheduleNumber>0</routeScheduleNumber><stopName>Airport</stopName><time>2017-04-01T08:00:04.117+02:00</time></stopTimeModelList><stopTimeModelList><journeyNumber>8</journeyNumber><routeNumber>X1</routeNumber><routeScheduleNumber>0</routeScheduleNumber><stopName>Bus Station</stopName><time>2017-04-01T08:15:04.117+02:00</time></stopTimeModelList></journeyModels><journeyModels><journeyNumber>9</journeyNumber><routeNumber>X1</routeNumber><routeScheduleNumber>0</routeScheduleNumber><stopTimeModelList><journeyNumber>9</journeyNumber><routeNumber>X1</routeNumber><routeScheduleNumber>0</routeScheduleNumber><stopName>Airport</stopName><time>2017-04-01T08:15:04.117+02:00</time></stopTimeModelList><stopTimeModelList><journeyNumber>9</journeyNumber><routeNumber>X1</routeNumber><routeScheduleNumber>0</routeScheduleNumber><stopName>Bus Station</stopName><time>2017-04-01T08:30:04.117+02:00</time></stopTimeModelList></journeyModels><journeyModels><journeyNumber>10</journeyNumber><routeNumber>X1</routeNumber><routeScheduleNumber>0</routeScheduleNumber><stopTimeModelList><journeyNumber>10</journeyNumber><routeNumber>X1</routeNumber><routeScheduleNumber>0</routeScheduleNumber><stopName>Airport</stopName><time>2017-04-01T08:30:04.117+02:00</time></stopTimeModelList><stopTimeModelList><journeyNumber>10</journeyNumber><routeNumber>X1</routeNumber><routeScheduleNumber>0</routeScheduleNumber><stopName>Bus Station</stopName><time>2017-04-01T08:45:04.117+02:00</time></stopTimeModelList></journeyModels><journeyModels><journeyNumber>11</journeyNumber><routeNumber>X1</routeNumber><routeScheduleNumber>0</routeScheduleNumber><stopTimeModelList><journeyNumber>11</journeyNumber><routeNumber>X1</routeNumber><routeScheduleNumber>0</routeScheduleNumber><stopName>Airport</stopName><time>2017-04-01T08:45:04.117+02:00</time></stopTimeModelList><stopTimeModelList><journeyNumber>11</journeyNumber><routeNumber>X1</routeNumber><routeScheduleNumber>0</routeScheduleNumber><stopName>Bus Station</stopName><time>2017-04-01T09:00:04.117+02:00</time></stopTimeModelList></journeyModels><journeyModels><journeyNumber>12</journeyNumber><routeNumber>X1</routeNumber><routeScheduleNumber>0</routeScheduleNumber><stopTimeModelList><journeyNumber>12</journeyNumber><routeNumber>X1</routeNumber><routeScheduleNumber>0</routeScheduleNumber><stopName>Airport</stopName><time>2017-04-01T09:00:04.117+02:00</time></stopTimeModelList><stopTimeModelList><journeyNumber>12</journeyNumber><routeNumber>X1</routeNumber><routeScheduleNumber>0</routeScheduleNumber><stopName>Bus Station</stopName><time>2017-04-01T09:15:04.117+02:00</time></stopTimeModelList></journeyModels><journeyModels><journeyNumber>13</journeyNumber><routeNumber>X1</routeNumber><routeScheduleNumber>0</routeScheduleNumber><stopTimeModelList><journeyNumber>13</journeyNumber><routeNumber>X1</routeNumber><routeScheduleNumber>0</routeScheduleNumber><stopName>Airport</stopName><time>2017-04-01T09:15:04.117+02:00</time></stopTimeModelList><stopTimeModelList><journeyNumber>13</journeyNumber><routeNumber>X1</routeNumber><routeScheduleNumber>0</routeScheduleNumber><stopName>Bus Station</stopName><time>2017-04-01T09:30:04.117+02:00</time></stopTimeModelList></journeyModels><journeyModels><journeyNumber>14</journeyNumber><routeNumber>X1</routeNumber><routeScheduleNumber>0</routeScheduleNumber><stopTimeModelList><journeyNumber>14</journeyNumber><routeNumber>X1</routeNumber><routeScheduleNumber>0</routeScheduleNumber><stopName>Airport</stopName><time>2017-04-01T09:30:04.117+02:00</time></stopTimeModelList><stopTimeModelList><journeyNumber>14</journeyNumber><routeNumber>X1</routeNumber><routeScheduleNumber>0</routeScheduleNumber><stopName>Bus Station</stopName><time>2017-04-01T09:45:04.117+02:00</time></stopTimeModelList></journeyModels><journeyModels><journeyNumber>15</journeyNumber><routeNumber>X1</routeNumber><routeScheduleNumber>0</routeScheduleNumber><stopTimeModelList><journeyNumber>15</journeyNumber><routeNumber>X1</routeNumber><routeScheduleNumber>0</routeScheduleNumber><stopName>Airport</stopName><time>2017-04-01T09:45:04.117+02:00</time></stopTimeModelList><stopTimeModelList><journeyNumber>15</journeyNumber><routeNumber>X1</routeNumber><routeScheduleNumber>0</routeScheduleNumber><stopName>Bus Station</stopName><time>2017-04-01T10:00:04.117+02:00</time></stopTimeModelList></journeyModels><journeyModels><journeyNumber>16</journeyNumber><routeNumber>X1</routeNumber><routeScheduleNumber>0</routeScheduleNumber><stopTimeModelList><journeyNumber>16</journeyNumber><routeNumber>X1</routeNumber><routeScheduleNumber>0</routeScheduleNumber><stopName>Airport</stopName><time>2017-04-01T10:00:04.117+02:00</time></stopTimeModelList><stopTimeModelList><journeyNumber>16</journeyNumber><routeNumber>X1</routeNumber><routeScheduleNumber>0</routeScheduleNumber><stopName>Bus Station</stopName><time>2017-04-01T10:15:04.117+02:00</time></stopTimeModelList></journeyModels><journeyModels><journeyNumber>17</journeyNumber><routeNumber>X1</routeNumber><routeScheduleNumber>0</routeScheduleNumber><stopTimeModelList><journeyNumber>17</journeyNumber><routeNumber>X1</routeNumber><routeScheduleNumber>0</routeScheduleNumber><stopName>Airport</stopName><time>2017-04-01T10:15:04.117+02:00</time></stopTimeModelList><stopTimeModelList><journeyNumber>17</journeyNumber><routeNumber>X1</routeNumber><routeScheduleNumber>0</routeScheduleNumber><stopName>Bus Station</stopName><time>2017-04-01T10:30:04.117+02:00</time></stopTimeModelList></journeyModels><journeyModels><journeyNumber>18</journeyNumber><routeNumber>X1</routeNumber><routeScheduleNumber>0</routeScheduleNumber><stopTimeModelList><journeyNumber>18</journeyNumber><routeNumber>X1</routeNumber><routeScheduleNumber>0</routeScheduleNumber><stopName>Airport</stopName><time>2017-04-01T10:30:04.117+02:00</time></stopTimeModelList><stopTimeModelList><journeyNumber>18</journeyNumber><routeNumber>X1</routeNumber><routeScheduleNumber>0</routeScheduleNumber><stopName>Bus Station</stopName><time>2017-04-01T10:45:04.117+02:00</time></stopTimeModelList></journeyModels><journeyModels><journeyNumber>19</journeyNumber><routeNumber>X1</routeNumber><routeScheduleNumber>0</routeScheduleNumber><stopTimeModelList><journeyNumber>19</journeyNumber><routeNumber>X1</routeNumber><routeScheduleNumber>0</routeScheduleNumber><stopName>Airport</stopName><time>2017-04-01T10:45:04.117+02:00</time></stopTimeModelList><stopTimeModelList><journeyNumber>19</journeyNumber><routeNumber>X1</routeNumber><routeScheduleNumber>0</routeScheduleNumber><stopName>Bus Station</stopName><time>2017-04-01T11:00:04.117+02:00</time></stopTimeModelList></journeyModels><journeyModels><journeyNumber>20</journeyNumber><routeNumber>X1</routeNumber><routeScheduleNumber>0</routeScheduleNumber><stopTimeModelList><journeyNumber>20</journeyNumber><routeNumber>X1</routeNumber><routeScheduleNumber>0</routeScheduleNumber><stopName>Airport</stopName><time>2017-04-01T11:00:04.117+02:00</time></stopTimeModelList><stopTimeModelList><journeyNumber>20</journeyNumber><routeNumber>X1</routeNumber><routeScheduleNumber>0</routeScheduleNumber><stopName>Bus Station</stopName><time>2017-04-01T11:15:04.117+02:00</time></stopTimeModelList></journeyModels><journeyModels><journeyNumber>21</journeyNumber><routeNumber>X1</routeNumber><routeScheduleNumber>0</routeScheduleNumber><stopTimeModelList><journeyNumber>21</journeyNumber><routeNumber>X1</routeNumber><routeScheduleNumber>0</routeScheduleNumber><stopName>Airport</stopName><time>2017-04-01T11:15:04.117+02:00</time></stopTimeModelList><stopTimeModelList><journeyNumber>21</journeyNumber><routeNumber>X1</routeNumber><routeScheduleNumber>0</routeScheduleNumber><stopName>Bus Station</stopName><time>2017-04-01T11:30:04.117+02:00</time></stopTimeModelList></journeyModels><journeyModels><journeyNumber>22</journeyNumber><routeNumber>X1</routeNumber><routeScheduleNumber>0</routeScheduleNumber><stopTimeModelList><journeyNumber>22</journeyNumber><routeNumber>X1</routeNumber><routeScheduleNumber>0</routeScheduleNumber><stopName>Airport</stopName><time>2017-04-01T11:30:04.117+02:00</time></stopTimeModelList><stopTimeModelList><journeyNumber>22</journeyNumber><routeNumber>X1</routeNumber><routeScheduleNumber>0</routeScheduleNumber><stopName>Bus Station</stopName><time>2017-04-01T11:45:04.117+02:00</time></stopTimeModelList></journeyModels><journeyModels><journeyNumber>23</journeyNumber><routeNumber>X1</routeNumber><routeScheduleNumber>0</routeScheduleNumber><stopTimeModelList><journeyNumber>23</journeyNumber><routeNumber>X1</routeNumber><routeScheduleNumber>0</routeScheduleNumber><stopName>Airport</stopName><time>2017-04-01T11:45:04.117+02:00</time></stopTimeModelList><stopTimeModelList><journeyNumber>23</journeyNumber><routeNumber>X1</routeNumber><routeScheduleNumber>0</routeScheduleNumber><stopName>Bus Station</stopName><time>2017-04-01T12:00:04.117+02:00</time></stopTimeModelList></journeyModels><journeyModels><journeyNumber>24</journeyNumber><routeNumber>X1</routeNumber><routeScheduleNumber>0</routeScheduleNumber><stopTimeModelList><journeyNumber>24</journeyNumber><routeNumber>X1</routeNumber><routeScheduleNumber>0</routeScheduleNumber><stopName>Airport</stopName><time>2017-04-01T12:00:04.117+02:00</time></stopTimeModelList><stopTimeModelList><journeyNumber>24</journeyNumber><routeNumber>X1</routeNumber><routeScheduleNumber>0</routeScheduleNumber><stopName>Bus Station</stopName><time>2017-04-01T12:15:04.117+02:00</time></stopTimeModelList></journeyModels><journeyModels><journeyNumber>25</journeyNumber><routeNumber>X1</routeNumber><routeScheduleNumber>0</routeScheduleNumber><stopTimeModelList><journeyNumber>25</journeyNumber><routeNumber>X1</routeNumber><routeScheduleNumber>0</routeScheduleNumber><stopName>Airport</stopName><time>2017-04-01T12:15:04.117+02:00</time></stopTimeModelList><stopTimeModelList><journeyNumber>25</journeyNumber><routeNumber>X1</routeNumber><routeScheduleNumber>0</routeScheduleNumber><stopName>Bus Station</stopName><time>2017-04-01T12:30:04.117+02:00</time></stopTimeModelList></journeyModels><journeyModels><journeyNumber>26</journeyNumber><routeNumber>X1</routeNumber><routeScheduleNumber>0</routeScheduleNumber><stopTimeModelList><journeyNumber>26</journeyNumber><routeNumber>X1</routeNumber><routeScheduleNumber>0</routeScheduleNumber><stopName>Airport</stopName><time>2017-04-01T12:30:04.117+02:00</time></stopTimeModelList><stopTimeModelList><journeyNumber>26</journeyNumber><routeNumber>X1</routeNumber><routeScheduleNumber>0</routeScheduleNumber><stopName>Bus Station</stopName><time>2017-04-01T12:45:04.117+02:00</time></stopTimeModelList></journeyModels><journeyModels><journeyNumber>27</journeyNumber><routeNumber>X1</routeNumber><routeScheduleNumber>0</routeScheduleNumber><stopTimeModelList><journeyNumber>27</journeyNumber><routeNumber>X1</routeNumber><routeScheduleNumber>0</routeScheduleNumber><stopName>Airport</stopName><time>2017-04-01T12:45:04.117+02:00</time></stopTimeModelList><stopTimeModelList><journeyNumber>27</journeyNumber><routeNumber>X1</routeNumber><routeScheduleNumber>0</routeScheduleNumber><stopName>Bus Station</stopName><time>2017-04-01T13:00:04.117+02:00</time></stopTimeModelList></journeyModels><journeyModels><journeyNumber>28</journeyNumber><routeNumber>X1</routeNumber><routeScheduleNumber>0</routeScheduleNumber><stopTimeModelList><journeyNumber>28</journeyNumber><routeNumber>X1</routeNumber><routeScheduleNumber>0</routeScheduleNumber><stopName>Airport</stopName><time>2017-04-01T13:00:04.117+02:00</time></stopTimeModelList><stopTimeModelList><journeyNumber>28</journeyNumber><routeNumber>X1</routeNumber><routeScheduleNumber>0</routeScheduleNumber><stopName>Bus Station</stopName><time>2017-04-01T13:15:04.117+02:00</time></stopTimeModelList></journeyModels><journeyModels><journeyNumber>29</journeyNumber><routeNumber>X1</routeNumber><routeScheduleNumber>0</routeScheduleNumber><stopTimeModelList><journeyNumber>29</journeyNumber><routeNumber>X1</routeNumber><routeScheduleNumber>0</routeScheduleNumber><stopName>Airport</stopName><time>2017-04-01T13:15:04.117+02:00</time></stopTimeModelList><stopTimeModelList><journeyNumber>29</journeyNumber><routeNumber>X1</routeNumber><routeScheduleNumber>0</routeScheduleNumber><stopName>Bus Station</stopName><time>2017-04-01T13:30:04.117+02:00</time></stopTimeModelList></journeyModels><journeyModels><journeyNumber>30</journeyNumber><routeNumber>X1</routeNumber><routeScheduleNumber>0</routeScheduleNumber><stopTimeModelList><journeyNumber>30</journeyNumber><routeNumber>X1</routeNumber><routeScheduleNumber>0</routeScheduleNumber><stopName>Airport</stopName><time>2017-04-01T13:30:04.117+02:00</time></stopTimeModelList><stopTimeModelList><journeyNumber>30</journeyNumber><routeNumber>X1</routeNumber><routeScheduleNumber>0</routeScheduleNumber><stopName>Bus Station</stopName><time>2017-04-01T13:45:04.117+02:00</time></stopTimeModelList></journeyModels><journeyModels><journeyNumber>31</journeyNumber><routeNumber>X1</routeNumber><routeScheduleNumber>0</routeScheduleNumber><stopTimeModelList><journeyNumber>31</journeyNumber><routeNumber>X1</routeNumber><routeScheduleNumber>0</routeScheduleNumber><stopName>Airport</stopName><time>2017-04-01T13:45:04.117+02:00</time></stopTimeModelList><stopTimeModelList><journeyNumber>31</journeyNumber><routeNumber>X1</routeNumber><routeScheduleNumber>0</routeScheduleNumber><stopName>Bus Station</stopName><time>2017-04-01T14:00:04.117+02:00</time></stopTimeModelList></journeyModels><journeyModels><journeyNumber>32</journeyNumber><routeNumber>X1</routeNumber><routeScheduleNumber>0</routeScheduleNumber><stopTimeModelList><journeyNumber>32</journeyNumber><routeNumber>X1</routeNumber><routeScheduleNumber>0</routeScheduleNumber><stopName>Airport</stopName><time>2017-04-01T14:00:04.117+02:00</time></stopTimeModelList><stopTimeModelList><journeyNumber>32</journeyNumber><routeNumber>X1</routeNumber><routeScheduleNumber>0</routeScheduleNumber><stopName>Bus Station</stopName><time>2017-04-01T14:15:04.117+02:00</time></stopTimeModelList></journeyModels><journeyModels><journeyNumber>33</journeyNumber><routeNumber>X1</routeNumber><routeScheduleNumber>0</routeScheduleNumber><stopTimeModelList><journeyNumber>33</journeyNumber><routeNumber>X1</routeNumber><routeScheduleNumber>0</routeScheduleNumber><stopName>Airport</stopName><time>2017-04-01T14:15:04.117+02:00</time></stopTimeModelList><stopTimeModelList><journeyNumber>33</journeyNumber><routeNumber>X1</routeNumber><routeScheduleNumber>0</routeScheduleNumber><stopName>Bus Station</stopName><time>2017-04-01T14:30:04.117+02:00</time></stopTimeModelList></journeyModels><journeyModels><journeyNumber>34</journeyNumber><routeNumber>X1</routeNumber><routeScheduleNumber>0</routeScheduleNumber><stopTimeModelList><journeyNumber>34</journeyNumber><routeNumber>X1</routeNumber><routeScheduleNumber>0</routeScheduleNumber><stopName>Airport</stopName><time>2017-04-01T14:30:04.117+02:00</time></stopTimeModelList><stopTimeModelList><journeyNumber>34</journeyNumber><routeNumber>X1</routeNumber><routeScheduleNumber>0</routeScheduleNumber><stopName>Bus Station</stopName><time>2017-04-01T14:45:04.117+02:00</time></stopTimeModelList></journeyModels><journeyModels><journeyNumber>35</journeyNumber><routeNumber>X1</routeNumber><routeScheduleNumber>0</routeScheduleNumber><stopTimeModelList><journeyNumber>35</journeyNumber><routeNumber>X1</routeNumber><routeScheduleNumber>0</routeScheduleNumber><stopName>Airport</stopName><time>2017-04-01T14:45:04.117+02:00</time></stopTimeModelList><stopTimeModelList><journeyNumber>35</journeyNumber><routeNumber>X1</routeNumber><routeScheduleNumber>0</routeScheduleNumber><stopName>Bus Station</stopName><time>2017-04-01T15:00:04.117+02:00</time></stopTimeModelList></journeyModels><journeyModels><journeyNumber>36</journeyNumber><routeNumber>X1</routeNumber><routeScheduleNumber>0</routeScheduleNumber><stopTimeModelList><journeyNumber>36</journeyNumber><routeNumber>X1</routeNumber><routeScheduleNumber>0</routeScheduleNumber><stopName>Airport</stopName><time>2017-04-01T15:00:04.117+02:00</time></stopTimeModelList><stopTimeModelList><journeyNumber>36</journeyNumber><routeNumber>X1</routeNumber><routeScheduleNumber>0</routeScheduleNumber><stopName>Bus Station</stopName><time>2017-04-01T15:15:04.117+02:00</time></stopTimeModelList></journeyModels><journeyModels><journeyNumber>37</journeyNumber><routeNumber>X1</routeNumber><routeScheduleNumber>0</routeScheduleNumber><stopTimeModelList><journeyNumber>37</journeyNumber><routeNumber>X1</routeNumber><routeScheduleNumber>0</routeScheduleNumber><stopName>Airport</stopName><time>2017-04-01T15:15:04.117+02:00</time></stopTimeModelList><stopTimeModelList><journeyNumber>37</journeyNumber><routeNumber>X1</routeNumber><routeScheduleNumber>0</routeScheduleNumber><stopName>Bus Station</stopName><time>2017-04-01T15:30:04.117+02:00</time></stopTimeModelList></journeyModels><journeyModels><journeyNumber>38</journeyNumber><routeNumber>X1</routeNumber><routeScheduleNumber>0</routeScheduleNumber><stopTimeModelList><journeyNumber>38</journeyNumber><routeNumber>X1</routeNumber><routeScheduleNumber>0</routeScheduleNumber><stopName>Airport</stopName><time>2017-04-01T15:30:04.117+02:00</time></stopTimeModelList><stopTimeModelList><journeyNumber>38</journeyNumber><routeNumber>X1</routeNumber><routeScheduleNumber>0</routeScheduleNumber><stopName>Bus Station</stopName><time>2017-04-01T15:45:04.117+02:00</time></stopTimeModelList></journeyModels><journeyModels><journeyNumber>39</journeyNumber><routeNumber>X1</routeNumber><routeScheduleNumber>0</routeScheduleNumber><stopTimeModelList><journeyNumber>39</journeyNumber><routeNumber>X1</routeNumber><routeScheduleNumber>0</routeScheduleNumber><stopName>Airport</stopName><time>2017-04-01T15:45:04.117+02:00</time></stopTimeModelList><stopTimeModelList><journeyNumber>39</journeyNumber><routeNumber>X1</routeNumber><routeScheduleNumber>0</routeScheduleNumber><stopName>Bus Station</stopName><time>2017-04-01T16:00:04.117+02:00</time></stopTimeModelList></journeyModels><journeyModels><journeyNumber>40</journeyNumber><routeNumber>X1</routeNumber><routeScheduleNumber>0</routeScheduleNumber><stopTimeModelList><journeyNumber>40</journeyNumber><routeNumber>X1</routeNumber><routeScheduleNumber>0</routeScheduleNumber><stopName>Airport</stopName><time>2017-04-01T16:00:04.117+02:00</time></stopTimeModelList><stopTimeModelList><journeyNumber>40</journeyNumber><routeNumber>X1</routeNumber><routeScheduleNumber>0</routeScheduleNumber><stopName>Bus Station</stopName><time>2017-04-01T16:15:04.117+02:00</time></stopTimeModelList></journeyModels><journeyModels><journeyNumber>41</journeyNumber><routeNumber>X1</routeNumber><routeScheduleNumber>0</routeScheduleNumber><stopTimeModelList><journeyNumber>41</journeyNumber><routeNumber>X1</routeNumber><routeScheduleNumber>0</routeScheduleNumber><stopName>Airport</stopName><time>2017-04-01T16:15:04.117+02:00</time></stopTimeModelList><stopTimeModelList><journeyNumber>41</journeyNumber><routeNumber>X1</routeNumber><routeScheduleNumber>0</routeScheduleNumber><stopName>Bus Station</stopName><time>2017-04-01T16:30:04.117+02:00</time></stopTimeModelList></journeyModels><journeyModels><journeyNumber>42</journeyNumber><routeNumber>X1</routeNumber><routeScheduleNumber>0</routeScheduleNumber><stopTimeModelList><journeyNumber>42</journeyNumber><routeNumber>X1</routeNumber><routeScheduleNumber>0</routeScheduleNumber><stopName>Airport</stopName><time>2017-04-01T16:30:04.117+02:00</time></stopTimeModelList><stopTimeModelList><journeyNumber>42</journeyNumber><routeNumber>X1</routeNumber><routeScheduleNumber>0</routeScheduleNumber><stopName>Bus Station</stopName><time>2017-04-01T16:45:04.117+02:00</time></stopTimeModelList></journeyModels><journeyModels><journeyNumber>43</journeyNumber><routeNumber>X1</routeNumber><routeScheduleNumber>0</routeScheduleNumber><stopTimeModelList><journeyNumber>43</journeyNumber><routeNumber>X1</routeNumber><routeScheduleNumber>0</routeScheduleNumber><stopName>Airport</stopName><time>2017-04-01T16:45:04.117+02:00</time></stopTimeModelList><stopTimeModelList><journeyNumber>43</journeyNumber><routeNumber>X1</routeNumber><routeScheduleNumber>0</routeScheduleNumber><stopName>Bus Station</stopName><time>2017-04-01T17:00:04.117+02:00</time></stopTimeModelList></journeyModels><journeyModels><journeyNumber>44</journeyNumber><routeNumber>X1</routeNumber><routeScheduleNumber>0</routeScheduleNumber><stopTimeModelList><journeyNumber>44</journeyNumber><routeNumber>X1</routeNumber><routeScheduleNumber>0</routeScheduleNumber><stopName>Airport</stopName><time>2017-04-01T17:00:04.117+02:00</time></stopTimeModelList><stopTimeModelList><journeyNumber>44</journeyNumber><routeNumber>X1</routeNumber><routeScheduleNumber>0</routeScheduleNumber><stopName>Bus Station</stopName><time>2017-04-01T17:15:04.117+02:00</time></stopTimeModelList></journeyModels><journeyModels><journeyNumber>45</journeyNumber><routeNumber>X1</routeNumber><routeScheduleNumber>0</routeScheduleNumber><stopTimeModelList><journeyNumber>45</journeyNumber><routeNumber>X1</routeNumber><routeScheduleNumber>0</routeScheduleNumber><stopName>Airport</stopName><time>2017-04-01T17:15:04.117+02:00</time></stopTimeModelList><stopTimeModelList><journeyNumber>45</journeyNumber><routeNumber>X1</routeNumber><routeScheduleNumber>0</routeScheduleNumber><stopName>Bus Station</stopName><time>2017-04-01T17:30:04.117+02:00</time></stopTimeModelList></journeyModels><journeyModels><journeyNumber>46</journeyNumber><routeNumber>X1</routeNumber><routeScheduleNumber>0</routeScheduleNumber><stopTimeModelList><journeyNumber>46</journeyNumber><routeNumber>X1</routeNumber><routeScheduleNumber>0</routeScheduleNumber><stopName>Airport</stopName><time>2017-04-01T17:30:04.117+02:00</time></stopTimeModelList><stopTimeModelList><journeyNumber>46</journeyNumber><routeNumber>X1</routeNumber><routeScheduleNumber>0</routeScheduleNumber><stopName>Bus Station</stopName><time>2017-04-01T17:45:04.117+02:00</time></stopTimeModelList></journeyModels><journeyModels><journeyNumber>47</journeyNumber><routeNumber>X1</routeNumber><routeScheduleNumber>0</routeScheduleNumber><stopTimeModelList><journeyNumber>47</journeyNumber><routeNumber>X1</routeNumber><routeScheduleNumber>0</routeScheduleNumber><stopName>Airport</stopName><time>2017-04-01T17:45:04.117+02:00</time></stopTimeModelList><stopTimeModelList><journeyNumber>47</journeyNumber><routeNumber>X1</routeNumber><routeScheduleNumber>0</routeScheduleNumber><stopName>Bus Station</stopName><time>2017-04-01T18:00:04.117+02:00</time></stopTimeModelList></journeyModels><journeyModels><journeyNumber>48</journeyNumber><routeNumber>X1</routeNumber><routeScheduleNumber>0</routeScheduleNumber><stopTimeModelList><journeyNumber>48</journeyNumber><routeNumber>X1</routeNumber><routeScheduleNumber>0</routeScheduleNumber><stopName>Airport</stopName><time>2017-04-01T18:00:04.117+02:00</time></stopTimeModelList><stopTimeModelList><journeyNumber>48</journeyNumber><routeNumber>X1</routeNumber><routeScheduleNumber>0</routeScheduleNumber><stopName>Bus Station</stopName><time>2017-04-01T18:15:04.117+02:00</time></stopTimeModelList></journeyModels><journeyModels><journeyNumber>49</journeyNumber><routeNumber>X1</routeNumber><routeScheduleNumber>0</routeScheduleNumber><stopTimeModelList><journeyNumber>49</journeyNumber><routeNumber>X1</routeNumber><routeScheduleNumber>0</routeScheduleNumber><stopName>Airport</stopName><time>2017-04-01T18:15:04.117+02:00</time></stopTimeModelList><stopTimeModelList><journeyNumber>49</journeyNumber><routeNumber>X1</routeNumber><routeScheduleNumber>0</routeScheduleNumber><stopName>Bus Station</stopName><time>2017-04-01T18:30:04.117+02:00</time></stopTimeModelList></journeyModels><journeyModels><journeyNumber>50</journeyNumber><routeNumber>X1</routeNumber><routeScheduleNumber>0</routeScheduleNumber><stopTimeModelList><journeyNumber>50</journeyNumber><routeNumber>X1</routeNumber><routeScheduleNumber>0</routeScheduleNumber><stopName>Airport</stopName><time>2017-04-01T18:30:04.117+02:00</time></stopTimeModelList><stopTimeModelList><journeyNumber>50</journeyNumber><routeNumber>X1</routeNumber><routeScheduleNumber>0</routeScheduleNumber><stopName>Bus Station</stopName><time>2017-04-01T18:45:04.117+02:00</time></stopTimeModelList></journeyModels><journeyModels><journeyNumber>51</journeyNumber><routeNumber>X1</routeNumber><routeScheduleNumber>1</routeScheduleNumber><stopTimeModelList><journeyNumber>51</journeyNumber><routeNumber>X1</routeNumber><routeScheduleNumber>1</routeScheduleNumber><stopName>Bus Station</stopName><time>2017-04-01T06:07:04.117+02:00</time></stopTimeModelList><stopTimeModelList><journeyNumber>51</journeyNumber><routeNumber>X1</routeNumber><routeScheduleNumber>1</routeScheduleNumber><stopName>Airport</stopName><time>2017-04-01T06:25:04.117+02:00</time></stopTimeModelList></journeyModels><journeyModels><journeyNumber>52</journeyNumber><routeNumber>X1</routeNumber><routeScheduleNumber>1</routeScheduleNumber><stopTimeModelList><journeyNumber>52</journeyNumber><routeNumber>X1</routeNumber><routeScheduleNumber>1</routeScheduleNumber><stopName>Bus Station</stopName><time>2017-04-01T06:22:04.117+02:00</time></stopTimeModelList><stopTimeModelList><journeyNumber>52</journeyNumber><routeNumber>X1</routeNumber><routeScheduleNumber>1</routeScheduleNumber><stopName>Airport</stopName><time>2017-04-01T06:40:04.117+02:00</time></stopTimeModelList></journeyModels><journeyModels><journeyNumber>53</journeyNumber><routeNumber>X1</routeNumber><routeScheduleNumber>1</routeScheduleNumber><stopTimeModelList><journeyNumber>53</journeyNumber><routeNumber>X1</routeNumber><routeScheduleNumber>1</routeScheduleNumber><stopName>Bus Station</stopName><time>2017-04-01T06:37:04.117+02:00</time></stopTimeModelList><stopTimeModelList><journeyNumber>53</journeyNumber><routeNumber>X1</routeNumber><routeScheduleNumber>1</routeScheduleNumber><stopName>Airport</stopName><time>2017-04-01T06:55:04.117+02:00</time></stopTimeModelList></journeyModels><journeyModels><journeyNumber>54</journeyNumber><routeNumber>X1</routeNumber><routeScheduleNumber>1</routeScheduleNumber><stopTimeModelList><journeyNumber>54</journeyNumber><routeNumber>X1</routeNumber><routeScheduleNumber>1</routeScheduleNumber><stopName>Bus Station</stopName><time>2017-04-01T06:52:04.117+02:00</time></stopTimeModelList><stopTimeModelList><journeyNumber>54</journeyNumber><routeNumber>X1</routeNumber><routeScheduleNumber>1</routeScheduleNumber><stopName>Airport</stopName><time>2017-04-01T07:10:04.117+02:00</time></stopTimeModelList></journeyModels><journeyModels><journeyNumber>55</journeyNumber><routeNumber>X1</routeNumber><routeScheduleNumber>1</routeScheduleNumber><stopTimeModelList><journeyNumber>55</journeyNumber><routeNumber>X1</routeNumber><routeScheduleNumber>1</routeScheduleNumber><stopName>Bus Station</stopName><time>2017-04-01T07:07:04.117+02:00</time></stopTimeModelList><stopTimeModelList><journeyNumber>55</journeyNumber><routeNumber>X1</routeNumber><routeScheduleNumber>1</routeScheduleNumber><stopName>Airport</stopName><time>2017-04-01T07:25:04.117+02:00</time></stopTimeModelList></journeyModels><journeyModels><journeyNumber>56</journeyNumber><routeNumber>X1</routeNumber><routeScheduleNumber>1</routeScheduleNumber><stopTimeModelList><journeyNumber>56</journeyNumber><routeNumber>X1</routeNumber><routeScheduleNumber>1</routeScheduleNumber><stopName>Bus Station</stopName><time>2017-04-01T07:22:04.117+02:00</time></stopTimeModelList><stopTimeModelList><journeyNumber>56</journeyNumber><routeNumber>X1</routeNumber><routeScheduleNumber>1</routeScheduleNumber><stopName>Airport</stopName><time>2017-04-01T07:40:04.117+02:00</time></stopTimeModelList></journeyModels><journeyModels><journeyNumber>57</journeyNumber><routeNumber>X1</routeNumber><routeScheduleNumber>1</routeScheduleNumber><stopTimeModelList><journeyNumber>57</journeyNumber><routeNumber>X1</routeNumber><routeScheduleNumber>1</routeScheduleNumber><stopName>Bus Station</stopName><time>2017-04-01T07:37:04.117+02:00</time></stopTimeModelList><stopTimeModelList><journeyNumber>57</journeyNumber><routeNumber>X1</routeNumber><routeScheduleNumber>1</routeScheduleNumber><stopName>Airport</stopName><time>2017-04-01T07:55:04.117+02:00</time></stopTimeModelList></journeyModels><journeyModels><journeyNumber>58</journeyNumber><routeNumber>X1</routeNumber><routeScheduleNumber>1</routeScheduleNumber><stopTimeModelList><journeyNumber>58</journeyNumber><routeNumber>X1</routeNumber><routeScheduleNumber>1</routeScheduleNumber><stopName>Bus Station</stopName><time>2017-04-01T07:52:04.117+02:00</time></stopTimeModelList><stopTimeModelList><journeyNumber>58</journeyNumber><routeNumber>X1</routeNumber><routeScheduleNumber>1</routeScheduleNumber><stopName>Airport</stopName><time>2017-04-01T08:10:04.117+02:00</time></stopTimeModelList></journeyModels><journeyModels><journeyNumber>59</journeyNumber><routeNumber>X1</routeNumber><routeScheduleNumber>1</routeScheduleNumber><stopTimeModelList><journeyNumber>59</journeyNumber><routeNumber>X1</routeNumber><routeScheduleNumber>1</routeScheduleNumber><stopName>Bus Station</stopName><time>2017-04-01T08:07:04.117+02:00</time></stopTimeModelList><stopTimeModelList><journeyNumber>59</journeyNumber><routeNumber>X1</routeNumber><routeScheduleNumber>1</routeScheduleNumber><stopName>Airport</stopName><time>2017-04-01T08:25:04.117+02:00</time></stopTimeModelList></journeyModels><journeyModels><journeyNumber>60</journeyNumber><routeNumber>X1</routeNumber><routeScheduleNumber>1</routeScheduleNumber><stopTimeModelList><journeyNumber>60</journeyNumber><routeNumber>X1</routeNumber><routeScheduleNumber>1</routeScheduleNumber><stopName>Bus Station</stopName><time>2017-04-01T08:22:04.117+02:00</time></stopTimeModelList><stopTimeModelList><journeyNumber>60</journeyNumber><routeNumber>X1</routeNumber><routeScheduleNumber>1</routeScheduleNumber><stopName>Airport</stopName><time>2017-04-01T08:40:04.117+02:00</time></stopTimeModelList></journeyModels><journeyModels><journeyNumber>61</journeyNumber><routeNumber>X1</routeNumber><routeScheduleNumber>1</routeScheduleNumber><stopTimeModelList><journeyNumber>61</journeyNumber><routeNumber>X1</routeNumber><routeScheduleNumber>1</routeScheduleNumber><stopName>Bus Station</stopName><time>2017-04-01T08:37:04.117+02:00</time></stopTimeModelList><stopTimeModelList><journeyNumber>61</journeyNumber><routeNumber>X1</routeNumber><routeScheduleNumber>1</routeScheduleNumber><stopName>Airport</stopName><time>2017-04-01T08:55:04.117+02:00</time></stopTimeModelList></journeyModels><journeyModels><journeyNumber>62</journeyNumber><routeNumber>X1</routeNumber><routeScheduleNumber>1</routeScheduleNumber><stopTimeModelList><journeyNumber>62</journeyNumber><routeNumber>X1</routeNumber><routeScheduleNumber>1</routeScheduleNumber><stopName>Bus Station</stopName><time>2017-04-01T08:52:04.117+02:00</time></stopTimeModelList><stopTimeModelList><journeyNumber>62</journeyNumber><routeNumber>X1</routeNumber><routeScheduleNumber>1</routeScheduleNumber><stopName>Airport</stopName><time>2017-04-01T09:10:04.117+02:00</time></stopTimeModelList></journeyModels><journeyModels><journeyNumber>63</journeyNumber><routeNumber>X1</routeNumber><routeScheduleNumber>1</routeScheduleNumber><stopTimeModelList><journeyNumber>63</journeyNumber><routeNumber>X1</routeNumber><routeScheduleNumber>1</routeScheduleNumber><stopName>Bus Station</stopName><time>2017-04-01T09:07:04.117+02:00</time></stopTimeModelList><stopTimeModelList><journeyNumber>63</journeyNumber><routeNumber>X1</routeNumber><routeScheduleNumber>1</routeScheduleNumber><stopName>Airport</stopName><time>2017-04-01T09:25:04.117+02:00</time></stopTimeModelList></journeyModels><journeyModels><journeyNumber>64</journeyNumber><routeNumber>X1</routeNumber><routeScheduleNumber>1</routeScheduleNumber><stopTimeModelList><journeyNumber>64</journeyNumber><routeNumber>X1</routeNumber><routeScheduleNumber>1</routeScheduleNumber><stopName>Bus Station</stopName><time>2017-04-01T09:22:04.117+02:00</time></stopTimeModelList><stopTimeModelList><journeyNumber>64</journeyNumber><routeNumber>X1</routeNumber><routeScheduleNumber>1</routeScheduleNumber><stopName>Airport</stopName><time>2017-04-01T09:40:04.117+02:00</time></stopTimeModelList></journeyModels><journeyModels><journeyNumber>65</journeyNumber><routeNumber>X1</routeNumber><routeScheduleNumber>1</routeScheduleNumber><stopTimeModelList><journeyNumber>65</journeyNumber><routeNumber>X1</routeNumber><routeScheduleNumber>1</routeScheduleNumber><stopName>Bus Station</stopName><time>2017-04-01T09:37:04.117+02:00</time></stopTimeModelList><stopTimeModelList><journeyNumber>65</journeyNumber><routeNumber>X1</routeNumber><routeScheduleNumber>1</routeScheduleNumber><stopName>Airport</stopName><time>2017-04-01T09:55:04.117+02:00</time></stopTimeModelList></journeyModels><journeyModels><journeyNumber>66</journeyNumber><routeNumber>X1</routeNumber><routeScheduleNumber>1</routeScheduleNumber><stopTimeModelList><journeyNumber>66</journeyNumber><routeNumber>X1</routeNumber><routeScheduleNumber>1</routeScheduleNumber><stopName>Bus Station</stopName><time>2017-04-01T09:52:04.117+02:00</time></stopTimeModelList><stopTimeModelList><journeyNumber>66</journeyNumber><routeNumber>X1</routeNumber><routeScheduleNumber>1</routeScheduleNumber><stopName>Airport</stopName><time>2017-04-01T10:10:04.117+02:00</time></stopTimeModelList></journeyModels><journeyModels><journeyNumber>67</journeyNumber><routeNumber>X1</routeNumber><routeScheduleNumber>1</routeScheduleNumber><stopTimeModelList><journeyNumber>67</journeyNumber><routeNumber>X1</routeNumber><routeScheduleNumber>1</routeScheduleNumber><stopName>Bus Station</stopName><time>2017-04-01T10:07:04.117+02:00</time></stopTimeModelList><stopTimeModelList><journeyNumber>67</journeyNumber><routeNumber>X1</routeNumber><routeScheduleNumber>1</routeScheduleNumber><stopName>Airport</stopName><time>2017-04-01T10:25:04.117+02:00</time></stopTimeModelList></journeyModels><journeyModels><journeyNumber>68</journeyNumber><routeNumber>X1</routeNumber><routeScheduleNumber>1</routeScheduleNumber><stopTimeModelList><journeyNumber>68</journeyNumber><routeNumber>X1</routeNumber><routeScheduleNumber>1</routeScheduleNumber><stopName>Bus Station</stopName><time>2017-04-01T10:22:04.117+02:00</time></stopTimeModelList><stopTimeModelList><journeyNumber>68</journeyNumber><routeNumber>X1</routeNumber><routeScheduleNumber>1</routeScheduleNumber><stopName>Airport</stopName><time>2017-04-01T10:40:04.117+02:00</time></stopTimeModelList></journeyModels><journeyModels><journeyNumber>69</journeyNumber><routeNumber>X1</routeNumber><routeScheduleNumber>1</routeScheduleNumber><stopTimeModelList><journeyNumber>69</journeyNumber><routeNumber>X1</routeNumber><routeScheduleNumber>1</routeScheduleNumber><stopName>Bus Station</stopName><time>2017-04-01T10:37:04.117+02:00</time></stopTimeModelList><stopTimeModelList><journeyNumber>69</journeyNumber><routeNumber>X1</routeNumber><routeScheduleNumber>1</routeScheduleNumber><stopName>Airport</stopName><time>2017-04-01T10:55:04.117+02:00</time></stopTimeModelList></journeyModels><journeyModels><journeyNumber>70</journeyNumber><routeNumber>X1</routeNumber><routeScheduleNumber>1</routeScheduleNumber><stopTimeModelList><journeyNumber>70</journeyNumber><routeNumber>X1</routeNumber><routeScheduleNumber>1</routeScheduleNumber><stopName>Bus Station</stopName><time>2017-04-01T10:52:04.117+02:00</time></stopTimeModelList><stopTimeModelList><journeyNumber>70</journeyNumber><routeNumber>X1</routeNumber><routeScheduleNumber>1</routeScheduleNumber><stopName>Airport</stopName><time>2017-04-01T11:10:04.117+02:00</time></stopTimeModelList></journeyModels><journeyModels><journeyNumber>71</journeyNumber><routeNumber>X1</routeNumber><routeScheduleNumber>1</routeScheduleNumber><stopTimeModelList><journeyNumber>71</journeyNumber><routeNumber>X1</routeNumber><routeScheduleNumber>1</routeScheduleNumber><stopName>Bus Station</stopName><time>2017-04-01T11:07:04.117+02:00</time></stopTimeModelList><stopTimeModelList><journeyNumber>71</journeyNumber><routeNumber>X1</routeNumber><routeScheduleNumber>1</routeScheduleNumber><stopName>Airport</stopName><time>2017-04-01T11:25:04.117+02:00</time></stopTimeModelList></journeyModels><journeyModels><journeyNumber>72</journeyNumber><routeNumber>X1</routeNumber><routeScheduleNumber>1</routeScheduleNumber><stopTimeModelList><journeyNumber>72</journeyNumber><routeNumber>X1</routeNumber><routeScheduleNumber>1</routeScheduleNumber><stopName>Bus Station</stopName><time>2017-04-01T11:22:04.117+02:00</time></stopTimeModelList><stopTimeModelList><journeyNumber>72</journeyNumber><routeNumber>X1</routeNumber><routeScheduleNumber>1</routeScheduleNumber><stopName>Airport</stopName><time>2017-04-01T11:40:04.117+02:00</time></stopTimeModelList></journeyModels><journeyModels><journeyNumber>73</journeyNumber><routeNumber>X1</routeNumber><routeScheduleNumber>1</routeScheduleNumber><stopTimeModelList><journeyNumber>73</journeyNumber><routeNumber>X1</routeNumber><routeScheduleNumber>1</routeScheduleNumber><stopName>Bus Station</stopName><time>2017-04-01T11:37:04.117+02:00</time></stopTimeModelList><stopTimeModelList><journeyNumber>73</journeyNumber><routeNumber>X1</routeNumber><routeScheduleNumber>1</routeScheduleNumber><stopName>Airport</stopName><time>2017-04-01T11:55:04.117+02:00</time></stopTimeModelList></journeyModels><journeyModels><journeyNumber>74</journeyNumber><routeNumber>X1</routeNumber><routeScheduleNumber>1</routeScheduleNumber><stopTimeModelList><journeyNumber>74</journeyNumber><routeNumber>X1</routeNumber><routeScheduleNumber>1</routeScheduleNumber><stopName>Bus Station</stopName><time>2017-04-01T11:52:04.117+02:00</time></stopTimeModelList><stopTimeModelList><journeyNumber>74</journeyNumber><routeNumber>X1</routeNumber><routeScheduleNumber>1</routeScheduleNumber><stopName>Airport</stopName><time>2017-04-01T12:10:04.117+02:00</time></stopTimeModelList></journeyModels><journeyModels><journeyNumber>75</journeyNumber><routeNumber>X1</routeNumber><routeScheduleNumber>1</routeScheduleNumber><stopTimeModelList><journeyNumber>75</journeyNumber><routeNumber>X1</routeNumber><routeScheduleNumber>1</routeScheduleNumber><stopName>Bus Station</stopName><time>2017-04-01T12:07:04.117+02:00</time></stopTimeModelList><stopTimeModelList><journeyNumber>75</journeyNumber><routeNumber>X1</routeNumber><routeScheduleNumber>1</routeScheduleNumber><stopName>Airport</stopName><time>2017-04-01T12:25:04.117+02:00</time></stopTimeModelList></journeyModels><journeyModels><journeyNumber>76</journeyNumber><routeNumber>X1</routeNumber><routeScheduleNumber>1</routeScheduleNumber><stopTimeModelList><journeyNumber>76</journeyNumber><routeNumber>X1</routeNumber><routeScheduleNumber>1</routeScheduleNumber><stopName>Bus Station</stopName><time>2017-04-01T12:22:04.117+02:00</time></stopTimeModelList><stopTimeModelList><journeyNumber>76</journeyNumber><routeNumber>X1</routeNumber><routeScheduleNumber>1</routeScheduleNumber><stopName>Airport</stopName><time>2017-04-01T12:40:04.117+02:00</time></stopTimeModelList></journeyModels><journeyModels><journeyNumber>77</journeyNumber><routeNumber>X1</routeNumber><routeScheduleNumber>1</routeScheduleNumber><stopTimeModelList><journeyNumber>77</journeyNumber><routeNumber>X1</routeNumber><routeScheduleNumber>1</routeScheduleNumber><stopName>Bus Station</stopName><time>2017-04-01T12:37:04.117+02:00</time></stopTimeModelList><stopTimeModelList><journeyNumber>77</journeyNumber><routeNumber>X1</routeNumber><routeScheduleNumber>1</routeScheduleNumber><stopName>Airport</stopName><time>2017-04-01T12:55:04.117+02:00</time></stopTimeModelList></journeyModels><journeyModels><journeyNumber>78</journeyNumber><routeNumber>X1</routeNumber><routeScheduleNumber>1</routeScheduleNumber><stopTimeModelList><journeyNumber>78</journeyNumber><routeNumber>X1</routeNumber><routeScheduleNumber>1</routeScheduleNumber><stopName>Bus Station</stopName><time>2017-04-01T12:52:04.117+02:00</time></stopTimeModelList><stopTimeModelList><journeyNumber>78</journeyNumber><routeNumber>X1</routeNumber><routeScheduleNumber>1</routeScheduleNumber><stopName>Airport</stopName><time>2017-04-01T13:10:04.117+02:00</time></stopTimeModelList></journeyModels><journeyModels><journeyNumber>79</journeyNumber><routeNumber>X1</routeNumber><routeScheduleNumber>1</routeScheduleNumber><stopTimeModelList><journeyNumber>79</journeyNumber><routeNumber>X1</routeNumber><routeScheduleNumber>1</routeScheduleNumber><stopName>Bus Station</stopName><time>2017-04-01T13:07:04.117+02:00</time></stopTimeModelList><stopTimeModelList><journeyNumber>79</journeyNumber><routeNumber>X1</routeNumber><routeScheduleNumber>1</routeScheduleNumber><stopName>Airport</stopName><time>2017-04-01T13:25:04.117+02:00</time></stopTimeModelList></journeyModels><journeyModels><journeyNumber>80</journeyNumber><routeNumber>X1</routeNumber><routeScheduleNumber>1</routeScheduleNumber><stopTimeModelList><journeyNumber>80</journeyNumber><routeNumber>X1</routeNumber><routeScheduleNumber>1</routeScheduleNumber><stopName>Bus Station</stopName><time>2017-04-01T13:22:04.117+02:00</time></stopTimeModelList><stopTimeModelList><journeyNumber>80</journeyNumber><routeNumber>X1</routeNumber><routeScheduleNumber>1</routeScheduleNumber><stopName>Airport</stopName><time>2017-04-01T13:40:04.117+02:00</time></stopTimeModelList></journeyModels><journeyModels><journeyNumber>81</journeyNumber><routeNumber>X1</routeNumber><routeScheduleNumber>1</routeScheduleNumber><stopTimeModelList><journeyNumber>81</journeyNumber><routeNumber>X1</routeNumber><routeScheduleNumber>1</routeScheduleNumber><stopName>Bus Station</stopName><time>2017-04-01T13:37:04.117+02:00</time></stopTimeModelList><stopTimeModelList><journeyNumber>81</journeyNumber><routeNumber>X1</routeNumber><routeScheduleNumber>1</routeScheduleNumber><stopName>Airport</stopName><time>2017-04-01T13:55:04.117+02:00</time></stopTimeModelList></journeyModels><journeyModels><journeyNumber>82</journeyNumber><routeNumber>X1</routeNumber><routeScheduleNumber>1</routeScheduleNumber><stopTimeModelList><journeyNumber>82</journeyNumber><routeNumber>X1</routeNumber><routeScheduleNumber>1</routeScheduleNumber><stopName>Bus Station</stopName><time>2017-04-01T13:52:04.117+02:00</time></stopTimeModelList><stopTimeModelList><journeyNumber>82</journeyNumber><routeNumber>X1</routeNumber><routeScheduleNumber>1</routeScheduleNumber><stopName>Airport</stopName><time>2017-04-01T14:10:04.117+02:00</time></stopTimeModelList></journeyModels><journeyModels><journeyNumber>83</journeyNumber><routeNumber>X1</routeNumber><routeScheduleNumber>1</routeScheduleNumber><stopTimeModelList><journeyNumber>83</journeyNumber><routeNumber>X1</routeNumber><routeScheduleNumber>1</routeScheduleNumber><stopName>Bus Station</stopName><time>2017-04-01T14:07:04.117+02:00</time></stopTimeModelList><stopTimeModelList><journeyNumber>83</journeyNumber><routeNumber>X1</routeNumber><routeScheduleNumber>1</routeScheduleNumber><stopName>Airport</stopName><time>2017-04-01T14:25:04.117+02:00</time></stopTimeModelList></journeyModels><journeyModels><journeyNumber>84</journeyNumber><routeNumber>X1</routeNumber><routeScheduleNumber>1</routeScheduleNumber><stopTimeModelList><journeyNumber>84</journeyNumber><routeNumber>X1</routeNumber><routeScheduleNumber>1</routeScheduleNumber><stopName>Bus Station</stopName><time>2017-04-01T14:22:04.117+02:00</time></stopTimeModelList><stopTimeModelList><journeyNumber>84</journeyNumber><routeNumber>X1</routeNumber><routeScheduleNumber>1</routeScheduleNumber><stopName>Airport</stopName><time>2017-04-01T14:40:04.117+02:00</time></stopTimeModelList></journeyModels><journeyModels><journeyNumber>85</journeyNumber><routeNumber>X1</routeNumber><routeScheduleNumber>1</routeScheduleNumber><stopTimeModelList><journeyNumber>85</journeyNumber><routeNumber>X1</routeNumber><routeScheduleNumber>1</routeScheduleNumber><stopName>Bus Station</stopName><time>2017-04-01T14:37:04.117+02:00</time></stopTimeModelList><stopTimeModelList><journeyNumber>85</journeyNumber><routeNumber>X1</routeNumber><routeScheduleNumber>1</routeScheduleNumber><stopName>Airport</stopName><time>2017-04-01T14:55:04.117+02:00</time></stopTimeModelList></journeyModels><journeyModels><journeyNumber>86</journeyNumber><routeNumber>X1</routeNumber><routeScheduleNumber>1</routeScheduleNumber><stopTimeModelList><journeyNumber>86</journeyNumber><routeNumber>X1</routeNumber><routeScheduleNumber>1</routeScheduleNumber><stopName>Bus Station</stopName><time>2017-04-01T14:52:04.117+02:00</time></stopTimeModelList><stopTimeModelList><journeyNumber>86</journeyNumber><routeNumber>X1</routeNumber><routeScheduleNumber>1</routeScheduleNumber><stopName>Airport</stopName><time>2017-04-01T15:10:04.117+02:00</time></stopTimeModelList></journeyModels><journeyModels><journeyNumber>87</journeyNumber><routeNumber>X1</routeNumber><routeScheduleNumber>1</routeScheduleNumber><stopTimeModelList><journeyNumber>87</journeyNumber><routeNumber>X1</routeNumber><routeScheduleNumber>1</routeScheduleNumber><stopName>Bus Station</stopName><time>2017-04-01T15:07:04.117+02:00</time></stopTimeModelList><stopTimeModelList><journeyNumber>87</journeyNumber><routeNumber>X1</routeNumber><routeScheduleNumber>1</routeScheduleNumber><stopName>Airport</stopName><time>2017-04-01T15:25:04.117+02:00</time></stopTimeModelList></journeyModels><journeyModels><journeyNumber>88</journeyNumber><routeNumber>X1</routeNumber><routeScheduleNumber>1</routeScheduleNumber><stopTimeModelList><journeyNumber>88</journeyNumber><routeNumber>X1</routeNumber><routeScheduleNumber>1</routeScheduleNumber><stopName>Bus Station</stopName><time>2017-04-01T15:22:04.117+02:00</time></stopTimeModelList><stopTimeModelList><journeyNumber>88</journeyNumber><routeNumber>X1</routeNumber><routeScheduleNumber>1</routeScheduleNumber><stopName>Airport</stopName><time>2017-04-01T15:40:04.117+02:00</time></stopTimeModelList></journeyModels><journeyModels><journeyNumber>89</journeyNumber><routeNumber>X1</routeNumber><routeScheduleNumber>1</routeScheduleNumber><stopTimeModelList><journeyNumber>89</journeyNumber><routeNumber>X1</routeNumber><routeScheduleNumber>1</routeScheduleNumber><stopName>Bus Station</stopName><time>2017-04-01T15:37:04.117+02:00</time></stopTimeModelList><stopTimeModelList><journeyNumber>89</journeyNumber><routeNumber>X1</routeNumber><routeScheduleNumber>1</routeScheduleNumber><stopName>Airport</stopName><time>2017-04-01T15:55:04.117+02:00</time></stopTimeModelList></journeyModels><journeyModels><journeyNumber>90</journeyNumber><routeNumber>X1</routeNumber><routeScheduleNumber>1</routeScheduleNumber><stopTimeModelList><journeyNumber>90</journeyNumber><routeNumber>X1</routeNumber><routeScheduleNumber>1</routeScheduleNumber><stopName>Bus Station</stopName><time>2017-04-01T15:52:04.117+02:00</time></stopTimeModelList><stopTimeModelList><journeyNumber>90</journeyNumber><routeNumber>X1</routeNumber><routeScheduleNumber>1</routeScheduleNumber><stopName>Airport</stopName><time>2017-04-01T16:10:04.117+02:00</time></stopTimeModelList></journeyModels><journeyModels><journeyNumber>91</journeyNumber><routeNumber>X1</routeNumber><routeScheduleNumber>1</routeScheduleNumber><stopTimeModelList><journeyNumber>91</journeyNumber><routeNumber>X1</routeNumber><routeScheduleNumber>1</routeScheduleNumber><stopName>Bus Station</stopName><time>2017-04-01T16:07:04.117+02:00</time></stopTimeModelList><stopTimeModelList><journeyNumber>91</journeyNumber><routeNumber>X1</routeNumber><routeScheduleNumber>1</routeScheduleNumber><stopName>Airport</stopName><time>2017-04-01T16:25:04.117+02:00</time></stopTimeModelList></journeyModels><journeyModels><journeyNumber>92</journeyNumber><routeNumber>X1</routeNumber><routeScheduleNumber>1</routeScheduleNumber><stopTimeModelList><journeyNumber>92</journeyNumber><routeNumber>X1</routeNumber><routeScheduleNumber>1</routeScheduleNumber><stopName>Bus Station</stopName><time>2017-04-01T16:22:04.117+02:00</time></stopTimeModelList><stopTimeModelList><journeyNumber>92</journeyNumber><routeNumber>X1</routeNumber><routeScheduleNumber>1</routeScheduleNumber><stopName>Airport</stopName><time>2017-04-01T16:40:04.117+02:00</time></stopTimeModelList></journeyModels><journeyModels><journeyNumber>93</journeyNumber><routeNumber>X1</routeNumber><routeScheduleNumber>1</routeScheduleNumber><stopTimeModelList><journeyNumber>93</journeyNumber><routeNumber>X1</routeNumber><routeScheduleNumber>1</routeScheduleNumber><stopName>Bus Station</stopName><time>2017-04-01T16:37:04.117+02:00</time></stopTimeModelList><stopTimeModelList><journeyNumber>93</journeyNumber><routeNumber>X1</routeNumber><routeScheduleNumber>1</routeScheduleNumber><stopName>Airport</stopName><time>2017-04-01T16:55:04.117+02:00</time></stopTimeModelList></journeyModels><journeyModels><journeyNumber>94</journeyNumber><routeNumber>X1</routeNumber><routeScheduleNumber>1</routeScheduleNumber><stopTimeModelList><journeyNumber>94</journeyNumber><routeNumber>X1</routeNumber><routeScheduleNumber>1</routeScheduleNumber><stopName>Bus Station</stopName><time>2017-04-01T16:52:04.117+02:00</time></stopTimeModelList><stopTimeModelList><journeyNumber>94</journeyNumber><routeNumber>X1</routeNumber><routeScheduleNumber>1</routeScheduleNumber><stopName>Airport</stopName><time>2017-04-01T17:10:04.117+02:00</time></stopTimeModelList></journeyModels><journeyModels><journeyNumber>95</journeyNumber><routeNumber>X1</routeNumber><routeScheduleNumber>1</routeScheduleNumber><stopTimeModelList><journeyNumber>95</journeyNumber><routeNumber>X1</routeNumber><routeScheduleNumber>1</routeScheduleNumber><stopName>Bus Station</stopName><time>2017-04-01T17:07:04.117+02:00</time></stopTimeModelList><stopTimeModelList><journeyNumber>95</journeyNumber><routeNumber>X1</routeNumber><routeScheduleNumber>1</routeScheduleNumber><stopName>Airport</stopName><time>2017-04-01T17:25:04.117+02:00</time></stopTimeModelList></journeyModels><journeyModels><journeyNumber>96</journeyNumber><routeNumber>X1</routeNumber><routeScheduleNumber>1</routeScheduleNumber><stopTimeModelList><journeyNumber>96</journeyNumber><routeNumber>X1</routeNumber><routeScheduleNumber>1</routeScheduleNumber><stopName>Bus Station</stopName><time>2017-04-01T17:22:04.117+02:00</time></stopTimeModelList><stopTimeModelList><journeyNumber>96</journeyNumber><routeNumber>X1</routeNumber><routeScheduleNumber>1</routeScheduleNumber><stopName>Airport</stopName><time>2017-04-01T17:40:04.117+02:00</time></stopTimeModelList></journeyModels><journeyModels><journeyNumber>97</journeyNumber><routeNumber>X1</routeNumber><routeScheduleNumber>1</routeScheduleNumber><stopTimeModelList><journeyNumber>97</journeyNumber><routeNumber>X1</routeNumber><routeScheduleNumber>1</routeScheduleNumber><stopName>Bus Station</stopName><time>2017-04-01T17:37:04.117+02:00</time></stopTimeModelList><stopTimeModelList><journeyNumber>97</journeyNumber><routeNumber>X1</routeNumber><routeScheduleNumber>1</routeScheduleNumber><stopName>Airport</stopName><time>2017-04-01T17:55:04.117+02:00</time></stopTimeModelList></journeyModels><journeyModels><journeyNumber>98</journeyNumber><routeNumber>X1</routeNumber><routeScheduleNumber>1</routeScheduleNumber><stopTimeModelList><journeyNumber>98</journeyNumber><routeNumber>X1</routeNumber><routeScheduleNumber>1</routeScheduleNumber><stopName>Bus Station</stopName><time>2017-04-01T17:52:04.117+02:00</time></stopTimeModelList><stopTimeModelList><journeyNumber>98</journeyNumber><routeNumber>X1</routeNumber><routeScheduleNumber>1</routeScheduleNumber><stopName>Airport</stopName><time>2017-04-01T18:10:04.117+02:00</time></stopTimeModelList></journeyModels><journeyModels><journeyNumber>99</journeyNumber><routeNumber>X1</routeNumber><routeScheduleNumber>1</routeScheduleNumber><stopTimeModelList><journeyNumber>99</journeyNumber><routeNumber>X1</routeNumber><routeScheduleNumber>1</routeScheduleNumber><stopName>Bus Station</stopName><time>2017-04-01T18:07:04.117+02:00</time></stopTimeModelList><stopTimeModelList><journeyNumber>99</journeyNumber><routeNumber>X1</routeNumber><routeScheduleNumber>1</routeScheduleNumber><stopName>Airport</stopName><time>2017-04-01T18:25:04.117+02:00</time></stopTimeModelList></journeyModels><journeyModels><journeyNumber>100</journeyNumber><routeNumber>X1</routeNumber><routeScheduleNumber>1</routeScheduleNumber><stopTimeModelList><journeyNumber>100</journeyNumber><routeNumber>X1</routeNumber><routeScheduleNumber>1</routeScheduleNumber><stopName>Bus Station</stopName><time>2017-04-01T18:22:04.117+02:00</time></stopTimeModelList><stopTimeModelList><journeyNumber>100</journeyNumber><routeNumber>X1</routeNumber><routeScheduleNumber>1</routeScheduleNumber><stopName>Airport</stopName><time>2017-04-01T18:40:04.117+02:00</time></stopTimeModelList></journeyModels><journeyModels><journeyNumber>0</journeyNumber><routeNumber>X1</routeNumber><routeScheduleNumber>1</routeScheduleNumber><stopTimeModelList><journeyNumber>0</journeyNumber><routeNumber>X1</routeNumber><routeScheduleNumber>0</routeScheduleNumber><stopName>Airport</stopName><time>2017-04-01T06:00:04.117+02:00</time></stopTimeModelList><stopTimeModelList><journeyNumber>0</journeyNumber><routeNumber>X1</routeNumber><routeScheduleNumber>0</routeScheduleNumber><stopName>Bus Station</stopName><time>2017-04-01T06:15:04.117+02:00</time></stopTimeModelList></journeyModels><journeyModels><journeyNumber>3</journeyNumber><routeNumber>X1</routeNumber><routeScheduleNumber>1</routeScheduleNumber><stopTimeModelList><journeyNumber>3</journeyNumber><routeNumber>X1</routeNumber><routeScheduleNumber>0</routeScheduleNumber><stopName>Airport</stopName><time>2017-04-01T06:45:04.117+02:00</time></stopTimeModelList><stopTimeModelList><journeyNumber>3</journeyNumber><routeNumber>X1</routeNumber><routeScheduleNumber>0</routeScheduleNumber><stopName>Bus Station</stopName><time>2017-04-01T07:00:04.117+02:00</time></stopTimeModelList></journeyModels><journeyModels><journeyNumber>6</journeyNumber><routeNumber>X1</routeNumber><routeScheduleNumber>1</routeScheduleNumber><stopTimeModelList><journeyNumber>6</journeyNumber><routeNumber>X1</routeNumber><routeScheduleNumber>0</routeScheduleNumber><stopName>Airport</stopName><time>2017-04-01T07:30:04.117+02:00</time></stopTimeModelList><stopTimeModelList><journeyNumber>6</journeyNumber><routeNumber>X1</routeNumber><routeScheduleNumber>0</routeScheduleNumber><stopName>Bus Station</stopName><time>2017-04-01T07:45:04.117+02:00</time></stopTimeModelList></journeyModels><journeyModels><journeyNumber>9</journeyNumber><routeNumber>X1</routeNumber><routeScheduleNumber>1</routeScheduleNumber><stopTimeModelList><journeyNumber>9</journeyNumber><routeNumber>X1</routeNumber><routeScheduleNumber>0</routeScheduleNumber><stopName>Airport</stopName><time>2017-04-01T08:15:04.117+02:00</time></stopTimeModelList><stopTimeModelList><journeyNumber>9</journeyNumber><routeNumber>X1</routeNumber><routeScheduleNumber>0</routeScheduleNumber><stopName>Bus Station</stopName><time>2017-04-01T08:30:04.117+02:00</time></stopTimeModelList></journeyModels><journeyModels><journeyNumber>12</journeyNumber><routeNumber>X1</routeNumber><routeScheduleNumber>1</routeScheduleNumber><stopTimeModelList><journeyNumber>12</journeyNumber><routeNumber>X1</routeNumber><routeScheduleNumber>0</routeScheduleNumber><stopName>Airport</stopName><time>2017-04-01T09:00:04.117+02:00</time></stopTimeModelList><stopTimeModelList><journeyNumber>12</journeyNumber><routeNumber>X1</routeNumber><routeScheduleNumber>0</routeScheduleNumber><stopName>Bus Station</stopName><time>2017-04-01T09:15:04.117+02:00</time></stopTimeModelList></journeyModels><journeyModels><journeyNumber>15</journeyNumber><routeNumber>X1</routeNumber><routeScheduleNumber>1</routeScheduleNumber><stopTimeModelList><journeyNumber>15</journeyNumber><routeNumber>X1</routeNumber><routeScheduleNumber>0</routeScheduleNumber><stopName>Airport</stopName><time>2017-04-01T09:45:04.117+02:00</time></stopTimeModelList><stopTimeModelList><journeyNumber>15</journeyNumber><routeNumber>X1</routeNumber><routeScheduleNumber>0</routeScheduleNumber><stopName>Bus Station</stopName><time>2017-04-01T10:00:04.117+02:00</time></stopTimeModelList></journeyModels><journeyModels><journeyNumber>18</journeyNumber><routeNumber>X1</routeNumber><routeScheduleNumber>1</routeScheduleNumber><stopTimeModelList><journeyNumber>18</journeyNumber><routeNumber>X1</routeNumber><routeScheduleNumber>0</routeScheduleNumber><stopName>Airport</stopName><time>2017-04-01T10:30:04.117+02:00</time></stopTimeModelList><stopTimeModelList><journeyNumber>18</journeyNumber><routeNumber>X1</routeNumber><routeScheduleNumber>0</routeScheduleNumber><stopName>Bus Station</stopName><time>2017-04-01T10:45:04.117+02:00</time></stopTimeModelList></journeyModels><journeyModels><journeyNumber>21</journeyNumber><routeNumber>X1</routeNumber><routeScheduleNumber>1</routeScheduleNumber><stopTimeModelList><journeyNumber>21</journeyNumber><routeNumber>X1</routeNumber><routeScheduleNumber>0</routeScheduleNumber><stopName>Airport</stopName><time>2017-04-01T11:15:04.117+02:00</time></stopTimeModelList><stopTimeModelList><journeyNumber>21</journeyNumber><routeNumber>X1</routeNumber><routeScheduleNumber>0</routeScheduleNumber><stopName>Bus Station</stopName><time>2017-04-01T11:30:04.117+02:00</time></stopTimeModelList></journeyModels><journeyModels><journeyNumber>24</journeyNumber><routeNumber>X1</routeNumber><routeScheduleNumber>1</routeScheduleNumber><stopTimeModelList><journeyNumber>24</journeyNumber><routeNumber>X1</routeNumber><routeScheduleNumber>0</routeScheduleNumber><stopName>Airport</stopName><time>2017-04-01T12:00:04.117+02:00</time></stopTimeModelList><stopTimeModelList><journeyNumber>24</journeyNumber><routeNumber>X1</routeNumber><routeScheduleNumber>0</routeScheduleNumber><stopName>Bus Station</stopName><time>2017-04-01T12:15:04.117+02:00</time></stopTimeModelList></journeyModels><journeyModels><journeyNumber>27</journeyNumber><routeNumber>X1</routeNumber><routeScheduleNumber>1</routeScheduleNumber><stopTimeModelList><journeyNumber>27</journeyNumber><routeNumber>X1</routeNumber><routeScheduleNumber>0</routeScheduleNumber><stopName>Airport</stopName><time>2017-04-01T12:45:04.117+02:00</time></stopTimeModelList><stopTimeModelList><journeyNumber>27</journeyNumber><routeNumber>X1</routeNumber><routeScheduleNumber>0</routeScheduleNumber><stopName>Bus Station</stopName><time>2017-04-01T13:00:04.117+02:00</time></stopTimeModelList></journeyModels><journeyModels><journeyNumber>30</journeyNumber><routeNumber>X1</routeNumber><routeScheduleNumber>1</routeScheduleNumber><stopTimeModelList><journeyNumber>30</journeyNumber><routeNumber>X1</routeNumber><routeScheduleNumber>0</routeScheduleNumber><stopName>Airport</stopName><time>2017-04-01T13:30:04.117+02:00</time></stopTimeModelList><stopTimeModelList><journeyNumber>30</journeyNumber><routeNumber>X1</routeNumber><routeScheduleNumber>0</routeScheduleNumber><stopName>Bus Station</stopName><time>2017-04-01T13:45:04.117+02:00</time></stopTimeModelList></journeyModels><journeyModels><journeyNumber>33</journeyNumber><routeNumber>X1</routeNumber><routeScheduleNumber>1</routeScheduleNumber><stopTimeModelList><journeyNumber>33</journeyNumber><routeNumber>X1</routeNumber><routeScheduleNumber>0</routeScheduleNumber><stopName>Airport</stopName><time>2017-04-01T14:15:04.117+02:00</time></stopTimeModelList><stopTimeModelList><journeyNumber>33</journeyNumber><routeNumber>X1</routeNumber><routeScheduleNumber>0</routeScheduleNumber><stopName>Bus Station</stopName><time>2017-04-01T14:30:04.117+02:00</time></stopTimeModelList></journeyModels><journeyModels><journeyNumber>36</journeyNumber><routeNumber>X1</routeNumber><routeScheduleNumber>1</routeScheduleNumber><stopTimeModelList><journeyNumber>36</journeyNumber><routeNumber>X1</routeNumber><routeScheduleNumber>0</routeScheduleNumber><stopName>Airport</stopName><time>2017-04-01T15:00:04.117+02:00</time></stopTimeModelList><stopTimeModelList><journeyNumber>36</journeyNumber><routeNumber>X1</routeNumber><routeScheduleNumber>0</routeScheduleNumber><stopName>Bus Station</stopName><time>2017-04-01T15:15:04.117+02:00</time></stopTimeModelList></journeyModels><journeyModels><journeyNumber>39</journeyNumber><routeNumber>X1</routeNumber><routeScheduleNumber>1</routeScheduleNumber><stopTimeModelList><journeyNumber>39</journeyNumber><routeNumber>X1</routeNumber><routeScheduleNumber>0</routeScheduleNumber><stopName>Airport</stopName><time>2017-04-01T15:45:04.117+02:00</time></stopTimeModelList><stopTimeModelList><journeyNumber>39</journeyNumber><routeNumber>X1</routeNumber><routeScheduleNumber>0</routeScheduleNumber><stopName>Bus Station</stopName><time>2017-04-01T16:00:04.117+02:00</time></stopTimeModelList></journeyModels><journeyModels><journeyNumber>42</journeyNumber><routeNumber>X1</routeNumber><routeScheduleNumber>1</routeScheduleNumber><stopTimeModelList><journeyNumber>42</journeyNumber><routeNumber>X1</routeNumber><routeScheduleNumber>0</routeScheduleNumber><stopName>Airport</stopName><time>2017-04-01T16:30:04.117+02:00</time></stopTimeModelList><stopTimeModelList><journeyNumber>42</journeyNumber><routeNumber>X1</routeNumber><routeScheduleNumber>0</routeScheduleNumber><stopName>Bus Station</stopName><time>2017-04-01T16:45:04.117+02:00</time></stopTimeModelList></journeyModels><journeyModels><journeyNumber>45</journeyNumber><routeNumber>X1</routeNumber><routeScheduleNumber>1</routeScheduleNumber><stopTimeModelList><journeyNumber>45</journeyNumber><routeNumber>X1</routeNumber><routeScheduleNumber>0</routeScheduleNumber><stopName>Airport</stopName><time>2017-04-01T17:15:04.117+02:00</time></stopTimeModelList><stopTimeModelList><journeyNumber>45</journeyNumber><routeNumber>X1</routeNumber><routeScheduleNumber>0</routeScheduleNumber><stopName>Bus Station</stopName><time>2017-04-01T17:30:04.117+02:00</time></stopTimeModelList></journeyModels><journeyModels><journeyNumber>48</journeyNumber><routeNumber>X1</routeNumber><routeScheduleNumber>1</routeScheduleNumber><stopTimeModelList><journeyNumber>48</journeyNumber><routeNumber>X1</routeNumber><routeScheduleNumber>0</routeScheduleNumber><stopName>Airport</stopName><time>2017-04-01T18:00:04.117+02:00</time></stopTimeModelList><stopTimeModelList><journeyNumber>48</journeyNumber><routeNumber>X1</routeNumber><routeScheduleNumber>0</routeScheduleNumber><stopName>Bus Station</stopName><time>2017-04-01T18:15:04.117+02:00</time></stopTimeModelList></journeyModels><journeyModels><journeyNumber>51</journeyNumber><routeNumber>X1</routeNumber><routeScheduleNumber>2</routeScheduleNumber><stopTimeModelList><journeyNumber>51</journeyNumber><routeNumber>X1</routeNumber><routeScheduleNumber>1</routeScheduleNumber><stopName>Bus Station</stopName><time>2017-04-01T06:07:04.117+02:00</time></stopTimeModelList><stopTimeModelList><journeyNumber>51</journeyNumber><routeNumber>X1</routeNumber><routeScheduleNumber>1</routeScheduleNumber><stopName>Airport</stopName><time>2017-04-01T06:25:04.117+02:00</time></stopTimeModelList></journeyModels><journeyModels><journeyNumber>2</journeyNumber><routeNumber>X1</routeNumber><routeScheduleNumber>2</routeScheduleNumber><stopTimeModelList><journeyNumber>2</journeyNumber><routeNumber>X1</routeNumber><routeScheduleNumber>0</routeScheduleNumber><stopName>Airport</stopName><time>2017-04-01T06:30:04.117+02:00</time></stopTimeModelList><stopTimeModelList><journeyNumber>2</journeyNumber><routeNumber>X1</routeNumber><routeScheduleNumber>0</routeScheduleNumber><stopName>Bus Station</stopName><time>2017-04-01T06:45:04.117+02:00</time></stopTimeModelList></journeyModels><journeyModels><journeyNumber>54</journeyNumber><routeNumber>X1</routeNumber><routeScheduleNumber>2</routeScheduleNumber><stopTimeModelList><journeyNumber>54</journeyNumber><routeNumber>X1</routeNumber><routeScheduleNumber>1</routeScheduleNumber><stopName>Bus Station</stopName><time>2017-04-01T06:52:04.117+02:00</time></stopTimeModelList><stopTimeModelList><journeyNumber>54</journeyNumber><routeNumber>X1</routeNumber><routeScheduleNumber>1</routeScheduleNumber><stopName>Airport</stopName><time>2017-04-01T07:10:04.117+02:00</time></stopTimeModelList></journeyModels><journeyModels><journeyNumber>5</journeyNumber><routeNumber>X1</routeNumber><routeScheduleNumber>2</routeScheduleNumber><stopTimeModelList><journeyNumber>5</journeyNumber><routeNumber>X1</routeNumber><routeScheduleNumber>0</routeScheduleNumber><stopName>Airport</stopName><time>2017-04-01T07:15:04.117+02:00</time></stopTimeModelList><stopTimeModelList><journeyNumber>5</journeyNumber><routeNumber>X1</routeNumber><routeScheduleNumber>0</routeScheduleNumber><stopName>Bus Station</stopName><time>2017-04-01T07:30:04.117+02:00</time></stopTimeModelList></journeyModels><journeyModels><journeyNumber>57</journeyNumber><routeNumber>X1</routeNumber><routeScheduleNumber>2</routeScheduleNumber><stopTimeModelList><journeyNumber>57</journeyNumber><routeNumber>X1</routeNumber><routeScheduleNumber>1</routeScheduleNumber><stopName>Bus Station</stopName><time>2017-04-01T07:37:04.117+02:00</time></stopTimeModelList><stopTimeModelList><journeyNumber>57</journeyNumber><routeNumber>X1</routeNumber><routeScheduleNumber>1</routeScheduleNumber><stopName>Airport</stopName><time>2017-04-01T07:55:04.117+02:00</time></stopTimeModelList></journeyModels><journeyModels><journeyNumber>8</journeyNumber><routeNumber>X1</routeNumber><routeScheduleNumber>2</routeScheduleNumber><stopTimeModelList><journeyNumber>8</journeyNumber><routeNumber>X1</routeNumber><routeScheduleNumber>0</routeScheduleNumber><stopName>Airport</stopName><time>2017-04-01T08:00:04.117+02:00</time></stopTimeModelList><stopTimeModelList><journeyNumber>8</journeyNumber><routeNumber>X1</routeNumber><routeScheduleNumber>0</routeScheduleNumber><stopName>Bus Station</stopName><time>2017-04-01T08:15:04.117+02:00</time></stopTimeModelList></journeyModels><journeyModels><journeyNumber>60</journeyNumber><routeNumber>X1</routeNumber><routeScheduleNumber>2</routeScheduleNumber><stopTimeModelList><journeyNumber>60</journeyNumber><routeNumber>X1</routeNumber><routeScheduleNumber>1</routeScheduleNumber><stopName>Bus Station</stopName><time>2017-04-01T08:22:04.117+02:00</time></stopTimeModelList><stopTimeModelList><journeyNumber>60</journeyNumber><routeNumber>X1</routeNumber><routeScheduleNumber>1</routeScheduleNumber><stopName>Airport</stopName><time>2017-04-01T08:40:04.117+02:00</time></stopTimeModelList></journeyModels><journeyModels><journeyNumber>11</journeyNumber><routeNumber>X1</routeNumber><routeScheduleNumber>2</routeScheduleNumber><stopTimeModelList><journeyNumber>11</journeyNumber><routeNumber>X1</routeNumber><routeScheduleNumber>0</routeScheduleNumber><stopName>Airport</stopName><time>2017-04-01T08:45:04.117+02:00</time></stopTimeModelList><stopTimeModelList><journeyNumber>11</journeyNumber><routeNumber>X1</routeNumber><routeScheduleNumber>0</routeScheduleNumber><stopName>Bus Station</stopName><time>2017-04-01T09:00:04.117+02:00</time></stopTimeModelList></journeyModels><journeyModels><journeyNumber>63</journeyNumber><routeNumber>X1</routeNumber><routeScheduleNumber>2</routeScheduleNumber><stopTimeModelList><journeyNumber>63</journeyNumber><routeNumber>X1</routeNumber><routeScheduleNumber>1</routeScheduleNumber><stopName>Bus Station</stopName><time>2017-04-01T09:07:04.117+02:00</time></stopTimeModelList><stopTimeModelList><journeyNumber>63</journeyNumber><routeNumber>X1</routeNumber><routeScheduleNumber>1</routeScheduleNumber><stopName>Airport</stopName><time>2017-04-01T09:25:04.117+02:00</time></stopTimeModelList></journeyModels><journeyModels><journeyNumber>14</journeyNumber><routeNumber>X1</routeNumber><routeScheduleNumber>2</routeScheduleNumber><stopTimeModelList><journeyNumber>14</journeyNumber><routeNumber>X1</routeNumber><routeScheduleNumber>0</routeScheduleNumber><stopName>Airport</stopName><time>2017-04-01T09:30:04.117+02:00</time></stopTimeModelList><stopTimeModelList><journeyNumber>14</journeyNumber><routeNumber>X1</routeNumber><routeScheduleNumber>0</routeScheduleNumber><stopName>Bus Station</stopName><time>2017-04-01T09:45:04.117+02:00</time></stopTimeModelList></journeyModels><journeyModels><journeyNumber>66</journeyNumber><routeNumber>X1</routeNumber><routeScheduleNumber>2</routeScheduleNumber><stopTimeModelList><journeyNumber>66</journeyNumber><routeNumber>X1</routeNumber><routeScheduleNumber>1</routeScheduleNumber><stopName>Bus Station</stopName><time>2017-04-01T09:52:04.117+02:00</time></stopTimeModelList><stopTimeModelList><journeyNumber>66</journeyNumber><routeNumber>X1</routeNumber><routeScheduleNumber>1</routeScheduleNumber><stopName>Airport</stopName><time>2017-04-01T10:10:04.117+02:00</time></stopTimeModelList></journeyModels><journeyModels><journeyNumber>17</journeyNumber><routeNumber>X1</routeNumber><routeScheduleNumber>2</routeScheduleNumber><stopTimeModelList><journeyNumber>17</journeyNumber><routeNumber>X1</routeNumber><routeScheduleNumber>0</routeScheduleNumber><stopName>Airport</stopName><time>2017-04-01T10:15:04.117+02:00</time></stopTimeModelList><stopTimeModelList><journeyNumber>17</journeyNumber><routeNumber>X1</routeNumber><routeScheduleNumber>0</routeScheduleNumber><stopName>Bus Station</stopName><time>2017-04-01T10:30:04.117+02:00</time></stopTimeModelList></journeyModels><journeyModels><journeyNumber>69</journeyNumber><routeNumber>X1</routeNumber><routeScheduleNumber>2</routeScheduleNumber><stopTimeModelList><journeyNumber>69</journeyNumber><routeNumber>X1</routeNumber><routeScheduleNumber>1</routeScheduleNumber><stopName>Bus Station</stopName><time>2017-04-01T10:37:04.117+02:00</time></stopTimeModelList><stopTimeModelList><journeyNumber>69</journeyNumber><routeNumber>X1</routeNumber><routeScheduleNumber>1</routeScheduleNumber><stopName>Airport</stopName><time>2017-04-01T10:55:04.117+02:00</time></stopTimeModelList></journeyModels><journeyModels><journeyNumber>20</journeyNumber><routeNumber>X1</routeNumber><routeScheduleNumber>2</routeScheduleNumber><stopTimeModelList><journeyNumber>20</journeyNumber><routeNumber>X1</routeNumber><routeScheduleNumber>0</routeScheduleNumber><stopName>Airport</stopName><time>2017-04-01T11:00:04.117+02:00</time></stopTimeModelList><stopTimeModelList><journeyNumber>20</journeyNumber><routeNumber>X1</routeNumber><routeScheduleNumber>0</routeScheduleNumber><stopName>Bus Station</stopName><time>2017-04-01T11:15:04.117+02:00</time></stopTimeModelList></journeyModels><journeyModels><journeyNumber>72</journeyNumber><routeNumber>X1</routeNumber><routeScheduleNumber>2</routeScheduleNumber><stopTimeModelList><journeyNumber>72</journeyNumber><routeNumber>X1</routeNumber><routeScheduleNumber>1</routeScheduleNumber><stopName>Bus Station</stopName><time>2017-04-01T11:22:04.117+02:00</time></stopTimeModelList><stopTimeModelList><journeyNumber>72</journeyNumber><routeNumber>X1</routeNumber><routeScheduleNumber>1</routeScheduleNumber><stopName>Airport</stopName><time>2017-04-01T11:40:04.117+02:00</time></stopTimeModelList></journeyModels><journeyModels><journeyNumber>23</journeyNumber><routeNumber>X1</routeNumber><routeScheduleNumber>2</routeScheduleNumber><stopTimeModelList><journeyNumber>23</journeyNumber><routeNumber>X1</routeNumber><routeScheduleNumber>0</routeScheduleNumber><stopName>Airport</stopName><time>2017-04-01T11:45:04.117+02:00</time></stopTimeModelList><stopTimeModelList><journeyNumber>23</journeyNumber><routeNumber>X1</routeNumber><routeScheduleNumber>0</routeScheduleNumber><stopName>Bus Station</stopName><time>2017-04-01T12:00:04.117+02:00</time></stopTimeModelList></journeyModels><journeyModels><journeyNumber>75</journeyNumber><routeNumber>X1</routeNumber><routeScheduleNumber>2</routeScheduleNumber><stopTimeModelList><journeyNumber>75</journeyNumber><routeNumber>X1</routeNumber><routeScheduleNumber>1</routeScheduleNumber><stopName>Bus Station</stopName><time>2017-04-01T12:07:04.117+02:00</time></stopTimeModelList><stopTimeModelList><journeyNumber>75</journeyNumber><routeNumber>X1</routeNumber><routeScheduleNumber>1</routeScheduleNumber><stopName>Airport</stopName><time>2017-04-01T12:25:04.117+02:00</time></stopTimeModelList></journeyModels><journeyModels><journeyNumber>26</journeyNumber><routeNumber>X1</routeNumber><routeScheduleNumber>2</routeScheduleNumber><stopTimeModelList><journeyNumber>26</journeyNumber><routeNumber>X1</routeNumber><routeScheduleNumber>0</routeScheduleNumber><stopName>Airport</stopName><time>2017-04-01T12:30:04.117+02:00</time></stopTimeModelList><stopTimeModelList><journeyNumber>26</journeyNumber><routeNumber>X1</routeNumber><routeScheduleNumber>0</routeScheduleNumber><stopName>Bus Station</stopName><time>2017-04-01T12:45:04.117+02:00</time></stopTimeModelList></journeyModels><journeyModels><journeyNumber>78</journeyNumber><routeNumber>X1</routeNumber><routeScheduleNumber>2</routeScheduleNumber><stopTimeModelList><journeyNumber>78</journeyNumber><routeNumber>X1</routeNumber><routeScheduleNumber>1</routeScheduleNumber><stopName>Bus Station</stopName><time>2017-04-01T12:52:04.117+02:00</time></stopTimeModelList><stopTimeModelList><journeyNumber>78</journeyNumber><routeNumber>X1</routeNumber><routeScheduleNumber>1</routeScheduleNumber><stopName>Airport</stopName><time>2017-04-01T13:10:04.117+02:00</time></stopTimeModelList></journeyModels><journeyModels><journeyNumber>29</journeyNumber><routeNumber>X1</routeNumber><routeScheduleNumber>2</routeScheduleNumber><stopTimeModelList><journeyNumber>29</journeyNumber><routeNumber>X1</routeNumber><routeScheduleNumber>0</routeScheduleNumber><stopName>Airport</stopName><time>2017-04-01T13:15:04.117+02:00</time></stopTimeModelList><stopTimeModelList><journeyNumber>29</journeyNumber><routeNumber>X1</routeNumber><routeScheduleNumber>0</routeScheduleNumber><stopName>Bus Station</stopName><time>2017-04-01T13:30:04.117+02:00</time></stopTimeModelList></journeyModels><journeyModels><journeyNumber>81</journeyNumber><routeNumber>X1</routeNumber><routeScheduleNumber>2</routeScheduleNumber><stopTimeModelList><journeyNumber>81</journeyNumber><routeNumber>X1</routeNumber><routeScheduleNumber>1</routeScheduleNumber><stopName>Bus Station</stopName><time>2017-04-01T13:37:04.117+02:00</time></stopTimeModelList><stopTimeModelList><journeyNumber>81</journeyNumber><routeNumber>X1</routeNumber><routeScheduleNumber>1</routeScheduleNumber><stopName>Airport</stopName><time>2017-04-01T13:55:04.117+02:00</time></stopTimeModelList></journeyModels><journeyModels><journeyNumber>32</journeyNumber><routeNumber>X1</routeNumber><routeScheduleNumber>2</routeScheduleNumber><stopTimeModelList><journeyNumber>32</journeyNumber><routeNumber>X1</routeNumber><routeScheduleNumber>0</routeScheduleNumber><stopName>Airport</stopName><time>2017-04-01T14:00:04.117+02:00</time></stopTimeModelList><stopTimeModelList><journeyNumber>32</journeyNumber><routeNumber>X1</routeNumber><routeScheduleNumber>0</routeScheduleNumber><stopName>Bus Station</stopName><time>2017-04-01T14:15:04.117+02:00</time></stopTimeModelList></journeyModels><journeyModels><journeyNumber>84</journeyNumber><routeNumber>X1</routeNumber><routeScheduleNumber>2</routeScheduleNumber><stopTimeModelList><journeyNumber>84</journeyNumber><routeNumber>X1</routeNumber><routeScheduleNumber>1</routeScheduleNumber><stopName>Bus Station</stopName><time>2017-04-01T14:22:04.117+02:00</time></stopTimeModelList><stopTimeModelList><journeyNumber>84</journeyNumber><routeNumber>X1</routeNumber><routeScheduleNumber>1</routeScheduleNumber><stopName>Airport</stopName><time>2017-04-01T14:40:04.117+02:00</time></stopTimeModelList></journeyModels><journeyModels><journeyNumber>35</journeyNumber><routeNumber>X1</routeNumber><routeScheduleNumber>2</routeScheduleNumber><stopTimeModelList><journeyNumber>35</journeyNumber><routeNumber>X1</routeNumber><routeScheduleNumber>0</routeScheduleNumber><stopName>Airport</stopName><time>2017-04-01T14:45:04.117+02:00</time></stopTimeModelList><stopTimeModelList><journeyNumber>35</journeyNumber><routeNumber>X1</routeNumber><routeScheduleNumber>0</routeScheduleNumber><stopName>Bus Station</stopName><time>2017-04-01T15:00:04.117+02:00</time></stopTimeModelList></journeyModels><journeyModels><journeyNumber>87</journeyNumber><routeNumber>X1</routeNumber><routeScheduleNumber>2</routeScheduleNumber><stopTimeModelList><journeyNumber>87</journeyNumber><routeNumber>X1</routeNumber><routeScheduleNumber>1</routeScheduleNumber><stopName>Bus Station</stopName><time>2017-04-01T15:07:04.117+02:00</time></stopTimeModelList><stopTimeModelList><journeyNumber>87</journeyNumber><routeNumber>X1</routeNumber><routeScheduleNumber>1</routeScheduleNumber><stopName>Airport</stopName><time>2017-04-01T15:25:04.117+02:00</time></stopTimeModelList></journeyModels><journeyModels><journeyNumber>38</journeyNumber><routeNumber>X1</routeNumber><routeScheduleNumber>2</routeScheduleNumber><stopTimeModelList><journeyNumber>38</journeyNumber><routeNumber>X1</routeNumber><routeScheduleNumber>0</routeScheduleNumber><stopName>Airport</stopName><time>2017-04-01T15:30:04.117+02:00</time></stopTimeModelList><stopTimeModelList><journeyNumber>38</journeyNumber><routeNumber>X1</routeNumber><routeScheduleNumber>0</routeScheduleNumber><stopName>Bus Station</stopName><time>2017-04-01T15:45:04.117+02:00</time></stopTimeModelList></journeyModels><journeyModels><journeyNumber>90</journeyNumber><routeNumber>X1</routeNumber><routeScheduleNumber>2</routeScheduleNumber><stopTimeModelList><journeyNumber>90</journeyNumber><routeNumber>X1</routeNumber><routeScheduleNumber>1</routeScheduleNumber><stopName>Bus Station</stopName><time>2017-04-01T15:52:04.117+02:00</time></stopTimeModelList><stopTimeModelList><journeyNumber>90</journeyNumber><routeNumber>X1</routeNumber><routeScheduleNumber>1</routeScheduleNumber><stopName>Airport</stopName><time>2017-04-01T16:10:04.117+02:00</time></stopTimeModelList></journeyModels><journeyModels><journeyNumber>41</journeyNumber><routeNumber>X1</routeNumber><routeScheduleNumber>2</routeScheduleNumber><stopTimeModelList><journeyNumber>41</journeyNumber><routeNumber>X1</routeNumber><routeScheduleNumber>0</routeScheduleNumber><stopName>Airport</stopName><time>2017-04-01T16:15:04.117+02:00</time></stopTimeModelList><stopTimeModelList><journeyNumber>41</journeyNumber><routeNumber>X1</routeNumber><routeScheduleNumber>0</routeScheduleNumber><stopName>Bus Station</stopName><time>2017-04-01T16:30:04.117+02:00</time></stopTimeModelList></journeyModels><journeyModels><journeyNumber>93</journeyNumber><routeNumber>X1</routeNumber><routeScheduleNumber>2</routeScheduleNumber><stopTimeModelList><journeyNumber>93</journeyNumber><routeNumber>X1</routeNumber><routeScheduleNumber>1</routeScheduleNumber><stopName>Bus Station</stopName><time>2017-04-01T16:37:04.117+02:00</time></stopTimeModelList><stopTimeModelList><journeyNumber>93</journeyNumber><routeNumber>X1</routeNumber><routeScheduleNumber>1</routeScheduleNumber><stopName>Airport</stopName><time>2017-04-01T16:55:04.117+02:00</time></stopTimeModelList></journeyModels><journeyModels><journeyNumber>44</journeyNumber><routeNumber>X1</routeNumber><routeScheduleNumber>2</routeScheduleNumber><stopTimeModelList><journeyNumber>44</journeyNumber><routeNumber>X1</routeNumber><routeScheduleNumber>0</routeScheduleNumber><stopName>Airport</stopName><time>2017-04-01T17:00:04.117+02:00</time></stopTimeModelList><stopTimeModelList><journeyNumber>44</journeyNumber><routeNumber>X1</routeNumber><routeScheduleNumber>0</routeScheduleNumber><stopName>Bus Station</stopName><time>2017-04-01T17:15:04.117+02:00</time></stopTimeModelList></journeyModels><journeyModels><journeyNumber>96</journeyNumber><routeNumber>X1</routeNumber><routeScheduleNumber>2</routeScheduleNumber><stopTimeModelList><journeyNumber>96</journeyNumber><routeNumber>X1</routeNumber><routeScheduleNumber>1</routeScheduleNumber><stopName>Bus Station</stopName><time>2017-04-01T17:22:04.117+02:00</time></stopTimeModelList><stopTimeModelList><journeyNumber>96</journeyNumber><routeNumber>X1</routeNumber><routeScheduleNumber>1</routeScheduleNumber><stopName>Airport</stopName><time>2017-04-01T17:40:04.117+02:00</time></stopTimeModelList></journeyModels><journeyModels><journeyNumber>47</journeyNumber><routeNumber>X1</routeNumber><routeScheduleNumber>2</routeScheduleNumber><stopTimeModelList><journeyNumber>47</journeyNumber><routeNumber>X1</routeNumber><routeScheduleNumber>0</routeScheduleNumber><stopName>Airport</stopName><time>2017-04-01T17:45:04.117+02:00</time></stopTimeModelList><stopTimeModelList><journeyNumber>47</journeyNumber><routeNumber>X1</routeNumber><routeScheduleNumber>0</routeScheduleNumber><stopName>Bus Station</stopName><time>2017-04-01T18:00:04.117+02:00</time></stopTimeModelList></journeyModels><journeyModels><journeyNumber>99</journeyNumber><routeNumber>X1</routeNumber><routeScheduleNumber>2</routeScheduleNumber><stopTimeModelList><journeyNumber>99</journeyNumber><routeNumber>X1</routeNumber><routeScheduleNumber>1</routeScheduleNumber><stopName>Bus Station</stopName><time>2017-04-01T18:07:04.117+02:00</time></stopTimeModelList><stopTimeModelList><journeyNumber>99</journeyNumber><routeNumber>X1</routeNumber><routeScheduleNumber>1</routeScheduleNumber><stopName>Airport</stopName><time>2017-04-01T18:25:04.117+02:00</time></stopTimeModelList></journeyModels><journeyModels><journeyNumber>50</journeyNumber><routeNumber>X1</routeNumber><routeScheduleNumber>2</routeScheduleNumber><stopTimeModelList><journeyNumber>50</journeyNumber><routeNumber>X1</routeNumber><routeScheduleNumber>0</routeScheduleNumber><stopName>Airport</stopName><time>2017-04-01T18:30:04.117+02:00</time></stopTimeModelList><stopTimeModelList><journeyNumber>50</journeyNumber><routeNumber>X1</routeNumber><routeScheduleNumber>0</routeScheduleNumber><stopName>Bus Station</stopName><time>2017-04-01T18:45:04.117+02:00</time></stopTimeModelList></journeyModels><journeyModels><journeyNumber>1</journeyNumber><routeNumber>X1</routeNumber><routeScheduleNumber>3</routeScheduleNumber><stopTimeModelList><journeyNumber>1</journeyNumber><routeNumber>X1</routeNumber><routeScheduleNumber>0</routeScheduleNumber><stopName>Airport</stopName><time>2017-04-01T06:15:04.117+02:00</time></stopTimeModelList><stopTimeModelList><journeyNumber>1</journeyNumber><routeNumber>X1</routeNumber><routeScheduleNumber>0</routeScheduleNumber><stopName>Bus Station</stopName><time>2017-04-01T06:30:04.117+02:00</time></stopTimeModelList></journeyModels><journeyModels><journeyNumber>53</journeyNumber><routeNumber>X1</routeNumber><routeScheduleNumber>3</routeScheduleNumber><stopTimeModelList><journeyNumber>53</journeyNumber><routeNumber>X1</routeNumber><routeScheduleNumber>1</routeScheduleNumber><stopName>Bus Station</stopName><time>2017-04-01T06:37:04.117+02:00</time></stopTimeModelList><stopTimeModelList><journeyNumber>53</journeyNumber><routeNumber>X1</routeNumber><routeScheduleNumber>1</routeScheduleNumber><stopName>Airport</stopName><time>2017-04-01T06:55:04.117+02:00</time></stopTimeModelList></journeyModels><journeyModels><journeyNumber>4</journeyNumber><routeNumber>X1</routeNumber><routeScheduleNumber>3</routeScheduleNumber><stopTimeModelList><journeyNumber>4</journeyNumber><routeNumber>X1</routeNumber><routeScheduleNumber>0</routeScheduleNumber><stopName>Airport</stopName><time>2017-04-01T07:00:04.117+02:00</time></stopTimeModelList><stopTimeModelList><journeyNumber>4</journeyNumber><routeNumber>X1</routeNumber><routeScheduleNumber>0</routeScheduleNumber><stopName>Bus Station</stopName><time>2017-04-01T07:15:04.117+02:00</time></stopTimeModelList></journeyModels><journeyModels><journeyNumber>56</journeyNumber><routeNumber>X1</routeNumber><routeScheduleNumber>3</routeScheduleNumber><stopTimeModelList><journeyNumber>56</journeyNumber><routeNumber>X1</routeNumber><routeScheduleNumber>1</routeScheduleNumber><stopName>Bus Station</stopName><time>2017-04-01T07:22:04.117+02:00</time></stopTimeModelList><stopTimeModelList><journeyNumber>56</journeyNumber><routeNumber>X1</routeNumber><routeScheduleNumber>1</routeScheduleNumber><stopName>Airport</stopName><time>2017-04-01T07:40:04.117+02:00</time></stopTimeModelList></journeyModels><journeyModels><journeyNumber>7</journeyNumber><routeNumber>X1</routeNumber><routeScheduleNumber>3</routeScheduleNumber><stopTimeModelList><journeyNumber>7</journeyNumber><routeNumber>X1</routeNumber><routeScheduleNumber>0</routeScheduleNumber><stopName>Airport</stopName><time>2017-04-01T07:45:04.117+02:00</time></stopTimeModelList><stopTimeModelList><journeyNumber>7</journeyNumber><routeNumber>X1</routeNumber><routeScheduleNumber>0</routeScheduleNumber><stopName>Bus Station</stopName><time>2017-04-01T08:00:04.117+02:00</time></stopTimeModelList></journeyModels><journeyModels><journeyNumber>59</journeyNumber><routeNumber>X1</routeNumber><routeScheduleNumber>3</routeScheduleNumber><stopTimeModelList><journeyNumber>59</journeyNumber><routeNumber>X1</routeNumber><routeScheduleNumber>1</routeScheduleNumber><stopName>Bus Station</stopName><time>2017-04-01T08:07:04.117+02:00</time></stopTimeModelList><stopTimeModelList><journeyNumber>59</journeyNumber><routeNumber>X1</routeNumber><routeScheduleNumber>1</routeScheduleNumber><stopName>Airport</stopName><time>2017-04-01T08:25:04.117+02:00</time></stopTimeModelList></journeyModels><journeyModels><journeyNumber>10</journeyNumber><routeNumber>X1</routeNumber><routeScheduleNumber>3</routeScheduleNumber><stopTimeModelList><journeyNumber>10</journeyNumber><routeNumber>X1</routeNumber><routeScheduleNumber>0</routeScheduleNumber><stopName>Airport</stopName><time>2017-04-01T08:30:04.117+02:00</time></stopTimeModelList><stopTimeModelList><journeyNumber>10</journeyNumber><routeNumber>X1</routeNumber><routeScheduleNumber>0</routeScheduleNumber><stopName>Bus Station</stopName><time>2017-04-01T08:45:04.117+02:00</time></stopTimeModelList></journeyModels><journeyModels><journeyNumber>62</journeyNumber><routeNumber>X1</routeNumber><routeScheduleNumber>3</routeScheduleNumber><stopTimeModelList><journeyNumber>62</journeyNumber><routeNumber>X1</routeNumber><routeScheduleNumber>1</routeScheduleNumber><stopName>Bus Station</stopName><time>2017-04-01T08:52:04.117+02:00</time></stopTimeModelList><stopTimeModelList><journeyNumber>62</journeyNumber><routeNumber>X1</routeNumber><routeScheduleNumber>1</routeScheduleNumber><stopName>Airport</stopName><time>2017-04-01T09:10:04.117+02:00</time></stopTimeModelList></journeyModels><journeyModels><journeyNumber>13</journeyNumber><routeNumber>X1</routeNumber><routeScheduleNumber>3</routeScheduleNumber><stopTimeModelList><journeyNumber>13</journeyNumber><routeNumber>X1</routeNumber><routeScheduleNumber>0</routeScheduleNumber><stopName>Airport</stopName><time>2017-04-01T09:15:04.117+02:00</time></stopTimeModelList><stopTimeModelList><journeyNumber>13</journeyNumber><routeNumber>X1</routeNumber><routeScheduleNumber>0</routeScheduleNumber><stopName>Bus Station</stopName><time>2017-04-01T09:30:04.117+02:00</time></stopTimeModelList></journeyModels><journeyModels><journeyNumber>65</journeyNumber><routeNumber>X1</routeNumber><routeScheduleNumber>3</routeScheduleNumber><stopTimeModelList><journeyNumber>65</journeyNumber><routeNumber>X1</routeNumber><routeScheduleNumber>1</routeScheduleNumber><stopName>Bus Station</stopName><time>2017-04-01T09:37:04.117+02:00</time></stopTimeModelList><stopTimeModelList><journeyNumber>65</journeyNumber><routeNumber>X1</routeNumber><routeScheduleNumber>1</routeScheduleNumber><stopName>Airport</stopName><time>2017-04-01T09:55:04.117+02:00</time></stopTimeModelList></journeyModels><journeyModels><journeyNumber>16</journeyNumber><routeNumber>X1</routeNumber><routeScheduleNumber>3</routeScheduleNumber><stopTimeModelList><journeyNumber>16</journeyNumber><routeNumber>X1</routeNumber><routeScheduleNumber>0</routeScheduleNumber><stopName>Airport</stopName><time>2017-04-01T10:00:04.117+02:00</time></stopTimeModelList><stopTimeModelList><journeyNumber>16</journeyNumber><routeNumber>X1</routeNumber><routeScheduleNumber>0</routeScheduleNumber><stopName>Bus Station</stopName><time>2017-04-01T10:15:04.117+02:00</time></stopTimeModelList></journeyModels><journeyModels><journeyNumber>68</journeyNumber><routeNumber>X1</routeNumber><routeScheduleNumber>3</routeScheduleNumber><stopTimeModelList><journeyNumber>68</journeyNumber><routeNumber>X1</routeNumber><routeScheduleNumber>1</routeScheduleNumber><stopName>Bus Station</stopName><time>2017-04-01T10:22:04.117+02:00</time></stopTimeModelList><stopTimeModelList><journeyNumber>68</journeyNumber><routeNumber>X1</routeNumber><routeScheduleNumber>1</routeScheduleNumber><stopName>Airport</stopName><time>2017-04-01T10:40:04.117+02:00</time></stopTimeModelList></journeyModels><journeyModels><journeyNumber>19</journeyNumber><routeNumber>X1</routeNumber><routeScheduleNumber>3</routeScheduleNumber><stopTimeModelList><journeyNumber>19</journeyNumber><routeNumber>X1</routeNumber><routeScheduleNumber>0</routeScheduleNumber><stopName>Airport</stopName><time>2017-04-01T10:45:04.117+02:00</time></stopTimeModelList><stopTimeModelList><journeyNumber>19</journeyNumber><routeNumber>X1</routeNumber><routeScheduleNumber>0</routeScheduleNumber><stopName>Bus Station</stopName><time>2017-04-01T11:00:04.117+02:00</time></stopTimeModelList></journeyModels><journeyModels><journeyNumber>71</journeyNumber><routeNumber>X1</routeNumber><routeScheduleNumber>3</routeScheduleNumber><stopTimeModelList><journeyNumber>71</journeyNumber><routeNumber>X1</routeNumber><routeScheduleNumber>1</routeScheduleNumber><stopName>Bus Station</stopName><time>2017-04-01T11:07:04.117+02:00</time></stopTimeModelList><stopTimeModelList><journeyNumber>71</journeyNumber><routeNumber>X1</routeNumber><routeScheduleNumber>1</routeScheduleNumber><stopName>Airport</stopName><time>2017-04-01T11:25:04.117+02:00</time></stopTimeModelList></journeyModels><journeyModels><journeyNumber>22</journeyNumber><routeNumber>X1</routeNumber><routeScheduleNumber>3</routeScheduleNumber><stopTimeModelList><journeyNumber>22</journeyNumber><routeNumber>X1</routeNumber><routeScheduleNumber>0</routeScheduleNumber><stopName>Airport</stopName><time>2017-04-01T11:30:04.117+02:00</time></stopTimeModelList><stopTimeModelList><journeyNumber>22</journeyNumber><routeNumber>X1</routeNumber><routeScheduleNumber>0</routeScheduleNumber><stopName>Bus Station</stopName><time>2017-04-01T11:45:04.117+02:00</time></stopTimeModelList></journeyModels><journeyModels><journeyNumber>74</journeyNumber><routeNumber>X1</routeNumber><routeScheduleNumber>3</routeScheduleNumber><stopTimeModelList><journeyNumber>74</journeyNumber><routeNumber>X1</routeNumber><routeScheduleNumber>1</routeScheduleNumber><stopName>Bus Station</stopName><time>2017-04-01T11:52:04.117+02:00</time></stopTimeModelList><stopTimeModelList><journeyNumber>74</journeyNumber><routeNumber>X1</routeNumber><routeScheduleNumber>1</routeScheduleNumber><stopName>Airport</stopName><time>2017-04-01T12:10:04.117+02:00</time></stopTimeModelList></journeyModels><journeyModels><journeyNumber>25</journeyNumber><routeNumber>X1</routeNumber><routeScheduleNumber>3</routeScheduleNumber><stopTimeModelList><journeyNumber>25</journeyNumber><routeNumber>X1</routeNumber><routeScheduleNumber>0</routeScheduleNumber><stopName>Airport</stopName><time>2017-04-01T12:15:04.117+02:00</time></stopTimeModelList><stopTimeModelList><journeyNumber>25</journeyNumber><routeNumber>X1</routeNumber><routeScheduleNumber>0</routeScheduleNumber><stopName>Bus Station</stopName><time>2017-04-01T12:30:04.117+02:00</time></stopTimeModelList></journeyModels><journeyModels><journeyNumber>77</journeyNumber><routeNumber>X1</routeNumber><routeScheduleNumber>3</routeScheduleNumber><stopTimeModelList><journeyNumber>77</journeyNumber><routeNumber>X1</routeNumber><routeScheduleNumber>1</routeScheduleNumber><stopName>Bus Station</stopName><time>2017-04-01T12:37:04.117+02:00</time></stopTimeModelList><stopTimeModelList><journeyNumber>77</journeyNumber><routeNumber>X1</routeNumber><routeScheduleNumber>1</routeScheduleNumber><stopName>Airport</stopName><time>2017-04-01T12:55:04.117+02:00</time></stopTimeModelList></journeyModels><journeyModels><journeyNumber>28</journeyNumber><routeNumber>X1</routeNumber><routeScheduleNumber>3</routeScheduleNumber><stopTimeModelList><journeyNumber>28</journeyNumber><routeNumber>X1</routeNumber><routeScheduleNumber>0</routeScheduleNumber><stopName>Airport</stopName><time>2017-04-01T13:00:04.117+02:00</time></stopTimeModelList><stopTimeModelList><journeyNumber>28</journeyNumber><routeNumber>X1</routeNumber><routeScheduleNumber>0</routeScheduleNumber><stopName>Bus Station</stopName><time>2017-04-01T13:15:04.117+02:00</time></stopTimeModelList></journeyModels><journeyModels><journeyNumber>80</journeyNumber><routeNumber>X1</routeNumber><routeScheduleNumber>3</routeScheduleNumber><stopTimeModelList><journeyNumber>80</journeyNumber><routeNumber>X1</routeNumber><routeScheduleNumber>1</routeScheduleNumber><stopName>Bus Station</stopName><time>2017-04-01T13:22:04.117+02:00</time></stopTimeModelList><stopTimeModelList><journeyNumber>80</journeyNumber><routeNumber>X1</routeNumber><routeScheduleNumber>1</routeScheduleNumber><stopName>Airport</stopName><time>2017-04-01T13:40:04.117+02:00</time></stopTimeModelList></journeyModels><journeyModels><journeyNumber>31</journeyNumber><routeNumber>X1</routeNumber><routeScheduleNumber>3</routeScheduleNumber><stopTimeModelList><journeyNumber>31</journeyNumber><routeNumber>X1</routeNumber><routeScheduleNumber>0</routeScheduleNumber><stopName>Airport</stopName><time>2017-04-01T13:45:04.117+02:00</time></stopTimeModelList><stopTimeModelList><journeyNumber>31</journeyNumber><routeNumber>X1</routeNumber><routeScheduleNumber>0</routeScheduleNumber><stopName>Bus Station</stopName><time>2017-04-01T14:00:04.117+02:00</time></stopTimeModelList></journeyModels><journeyModels><journeyNumber>83</journeyNumber><routeNumber>X1</routeNumber><routeScheduleNumber>3</routeScheduleNumber><stopTimeModelList><journeyNumber>83</journeyNumber><routeNumber>X1</routeNumber><routeScheduleNumber>1</routeScheduleNumber><stopName>Bus Station</stopName><time>2017-04-01T14:07:04.117+02:00</time></stopTimeModelList><stopTimeModelList><journeyNumber>83</journeyNumber><routeNumber>X1</routeNumber><routeScheduleNumber>1</routeScheduleNumber><stopName>Airport</stopName><time>2017-04-01T14:25:04.117+02:00</time></stopTimeModelList></journeyModels><journeyModels><journeyNumber>34</journeyNumber><routeNumber>X1</routeNumber><routeScheduleNumber>3</routeScheduleNumber><stopTimeModelList><journeyNumber>34</journeyNumber><routeNumber>X1</routeNumber><routeScheduleNumber>0</routeScheduleNumber><stopName>Airport</stopName><time>2017-04-01T14:30:04.117+02:00</time></stopTimeModelList><stopTimeModelList><journeyNumber>34</journeyNumber><routeNumber>X1</routeNumber><routeScheduleNumber>0</routeScheduleNumber><stopName>Bus Station</stopName><time>2017-04-01T14:45:04.117+02:00</time></stopTimeModelList></journeyModels><journeyModels><journeyNumber>86</journeyNumber><routeNumber>X1</routeNumber><routeScheduleNumber>3</routeScheduleNumber><stopTimeModelList><journeyNumber>86</journeyNumber><routeNumber>X1</routeNumber><routeScheduleNumber>1</routeScheduleNumber><stopName>Bus Station</stopName><time>2017-04-01T14:52:04.117+02:00</time></stopTimeModelList><stopTimeModelList><journeyNumber>86</journeyNumber><routeNumber>X1</routeNumber><routeScheduleNumber>1</routeScheduleNumber><stopName>Airport</stopName><time>2017-04-01T15:10:04.117+02:00</time></stopTimeModelList></journeyModels><journeyModels><journeyNumber>37</journeyNumber><routeNumber>X1</routeNumber><routeScheduleNumber>3</routeScheduleNumber><stopTimeModelList><journeyNumber>37</journeyNumber><routeNumber>X1</routeNumber><routeScheduleNumber>0</routeScheduleNumber><stopName>Airport</stopName><time>2017-04-01T15:15:04.117+02:00</time></stopTimeModelList><stopTimeModelList><journeyNumber>37</journeyNumber><routeNumber>X1</routeNumber><routeScheduleNumber>0</routeScheduleNumber><stopName>Bus Station</stopName><time>2017-04-01T15:30:04.117+02:00</time></stopTimeModelList></journeyModels><journeyModels><journeyNumber>89</journeyNumber><routeNumber>X1</routeNumber><routeScheduleNumber>3</routeScheduleNumber><stopTimeModelList><journeyNumber>89</journeyNumber><routeNumber>X1</routeNumber><routeScheduleNumber>1</routeScheduleNumber><stopName>Bus Station</stopName><time>2017-04-01T15:37:04.117+02:00</time></stopTimeModelList><stopTimeModelList><journeyNumber>89</journeyNumber><routeNumber>X1</routeNumber><routeScheduleNumber>1</routeScheduleNumber><stopName>Airport</stopName><time>2017-04-01T15:55:04.117+02:00</time></stopTimeModelList></journeyModels><journeyModels><journeyNumber>40</journeyNumber><routeNumber>X1</routeNumber><routeScheduleNumber>3</routeScheduleNumber><stopTimeModelList><journeyNumber>40</journeyNumber><routeNumber>X1</routeNumber><routeScheduleNumber>0</routeScheduleNumber><stopName>Airport</stopName><time>2017-04-01T16:00:04.117+02:00</time></stopTimeModelList><stopTimeModelList><journeyNumber>40</journeyNumber><routeNumber>X1</routeNumber><routeScheduleNumber>0</routeScheduleNumber><stopName>Bus Station</stopName><time>2017-04-01T16:15:04.117+02:00</time></stopTimeModelList></journeyModels><journeyModels><journeyNumber>92</journeyNumber><routeNumber>X1</routeNumber><routeScheduleNumber>3</routeScheduleNumber><stopTimeModelList><journeyNumber>92</journeyNumber><routeNumber>X1</routeNumber><routeScheduleNumber>1</routeScheduleNumber><stopName>Bus Station</stopName><time>2017-04-01T16:22:04.117+02:00</time></stopTimeModelList><stopTimeModelList><journeyNumber>92</journeyNumber><routeNumber>X1</routeNumber><routeScheduleNumber>1</routeScheduleNumber><stopName>Airport</stopName><time>2017-04-01T16:40:04.117+02:00</time></stopTimeModelList></journeyModels><journeyModels><journeyNumber>43</journeyNumber><routeNumber>X1</routeNumber><routeScheduleNumber>3</routeScheduleNumber><stopTimeModelList><journeyNumber>43</journeyNumber><routeNumber>X1</routeNumber><routeScheduleNumber>0</routeScheduleNumber><stopName>Airport</stopName><time>2017-04-01T16:45:04.117+02:00</time></stopTimeModelList><stopTimeModelList><journeyNumber>43</journeyNumber><routeNumber>X1</routeNumber><routeScheduleNumber>0</routeScheduleNumber><stopName>Bus Station</stopName><time>2017-04-01T17:00:04.117+02:00</time></stopTimeModelList></journeyModels><journeyModels><journeyNumber>95</journeyNumber><routeNumber>X1</routeNumber><routeScheduleNumber>3</routeScheduleNumber><stopTimeModelList><journeyNumber>95</journeyNumber><routeNumber>X1</routeNumber><routeScheduleNumber>1</routeScheduleNumber><stopName>Bus Station</stopName><time>2017-04-01T17:07:04.117+02:00</time></stopTimeModelList><stopTimeModelList><journeyNumber>95</journeyNumber><routeNumber>X1</routeNumber><routeScheduleNumber>1</routeScheduleNumber><stopName>Airport</stopName><time>2017-04-01T17:25:04.117+02:00</time></stopTimeModelList></journeyModels><journeyModels><journeyNumber>46</journeyNumber><routeNumber>X1</routeNumber><routeScheduleNumber>3</routeScheduleNumber><stopTimeModelList><journeyNumber>46</journeyNumber><routeNumber>X1</routeNumber><routeScheduleNumber>0</routeScheduleNumber><stopName>Airport</stopName><time>2017-04-01T17:30:04.117+02:00</time></stopTimeModelList><stopTimeModelList><journeyNumber>46</journeyNumber><routeNumber>X1</routeNumber><routeScheduleNumber>0</routeScheduleNumber><stopName>Bus Station</stopName><time>2017-04-01T17:45:04.117+02:00</time></stopTimeModelList></journeyModels><journeyModels><journeyNumber>98</journeyNumber><routeNumber>X1</routeNumber><routeScheduleNumber>3</routeScheduleNumber><stopTimeModelList><journeyNumber>98</journeyNumber><routeNumber>X1</routeNumber><routeScheduleNumber>1</routeScheduleNumber><stopName>Bus Station</stopName><time>2017-04-01T17:52:04.117+02:00</time></stopTimeModelList><stopTimeModelList><journeyNumber>98</journeyNumber><routeNumber>X1</routeNumber><routeScheduleNumber>1</routeScheduleNumber><stopName>Airport</stopName><time>2017-04-01T18:10:04.117+02:00</time></stopTimeModelList></journeyModels><journeyModels><journeyNumber>49</journeyNumber><routeNumber>X1</routeNumber><routeScheduleNumber>3</routeScheduleNumber><stopTimeModelList><journeyNumber>49</journeyNumber><routeNumber>X1</routeNumber><routeScheduleNumber>0</routeScheduleNumber><stopName>Airport</stopName><time>2017-04-01T18:15:04.117+02:00</time></stopTimeModelList><stopTimeModelList><journeyNumber>49</journeyNumber><routeNumber>X1</routeNumber><routeScheduleNumber>0</routeScheduleNumber><stopName>Bus Station</stopName><time>2017-04-01T18:30:04.117+02:00</time></stopTimeModelList></journeyModels><journeyPatternModels><daysOfOperation>2</daysOfOperation><daysOfOperation>3</daysOfOperation><daysOfOperation>4</daysOfOperation><daysOfOperation>5</daysOfOperation><daysOfOperation>6</daysOfOperation><duration>3</duration><endTime>2020-07-22T21:28:03.750+02:00</endTime><frequency>15</frequency><name>Mon-Fri</name><outgoingTerminus>S+U Pankow</outgoingTerminus><returnTerminus>Rathaus Pankow</returnTerminus><routeNumber>155</routeNumber><startTime>2020-07-22T21:28:03.750+02:00</startTime><timetableName>Mon-Fri</timetableName></journeyPatternModels><journeyPatternModels><daysOfOperation>1</daysOfOperation><daysOfOperation>2</daysOfOperation><daysOfOperation>3</daysOfOperation><daysOfOperation>4</daysOfOperation><daysOfOperation>5</daysOfOperation><daysOfOperation>6</daysOfOperation><daysOfOperation>7</daysOfOperation><duration>30</duration><endTime>2020-07-22T18:30:04.112+02:00</endTime><frequency>15</frequency><name>Regular</name><outgoingTerminus>Airport</outgoingTerminus><returnTerminus>Bus Station</returnTerminus><routeNumber>X1</routeNumber><startTime>2020-07-22T06:00:04.112+02:00</startTime><timetableName>RegularTimetable</timetableName></journeyPatternModels><routeModels><routeNumber>155</routeNumber><stopNames>Rathaus Pankow</stopNames><stopNames>Pankow Kirche</stopNames><stopNames>S+U Pankow</stopNames></routeModels><routeScheduleModels><delay>5</delay><routeNumber>155</routeNumber><scheduleNumber>1</scheduleNumber></routeScheduleModels><routeScheduleModels><delay>0</delay><routeNumber>X1</routeNumber><scheduleNumber>1</scheduleNumber></routeScheduleModels><routeScheduleModels><delay>0</delay><routeNumber>X1</routeNumber><scheduleNumber>2</scheduleNumber></routeScheduleModels><routeScheduleModels><delay>0</delay><routeNumber>X1</routeNumber><scheduleNumber>3</scheduleNumber></routeScheduleModels><stops>Ossietzkyplatz</stops><stops>Rathaus Pankow</stops><stops>Pankow Kirche</stops><stops>S+U Pankow</stops><timetableModels><name>myTimetable</name><routeNumber>155</routeNumber><validFromDate>2020-07-22T21:28:03.925+02:00</validFromDate><validToDate>2020-07-22T21:28:03.925+02:00</validToDate></timetableModels><timetableModels><name>RegularTimetable</name><routeNumber>X1</routeNumber><validFromDate>2017-04-01T04:00:04.110+02:00</validFromDate><validToDate>2017-05-01T23:00:04.110+02:00</validToDate></timetableModels><vehicleModels><deliveryDate>2014-07-22T21:28:04.022+02:00</deliveryDate><depreciationFactor>0.0</depreciationFactor><imagePath>singlebus.png</imagePath><model>MyBus Single Decker</model><purchasePrice>85000.0</purchasePrice><registrationNumber>2014-NVOCJ</registrationNumber><routeScheduleNumber>0</routeScheduleNumber><seatingCapacity>44</seatingCapacity><standingCapacity>36</standingCapacity></vehicleModels></tramsFile>