<?xml version="1.0" encoding="UTF-8" standalone="yes"?><tramsFile><gameModel><balance>80000.0</balance><currentTime>2017-04-01T04:00:00.010+02:00</currentTime><difficultyLevel>EASY</difficultyLevel><passengerSatisfaction>100</passengerSatisfaction><playerName>Dave Lee</playerName><scenarioName>Landuff Transport Company</scenarioName><timeIncrement>15</timeIncrement></gameModel><journeyModels><journeyNumber>1</journeyNumber><routeNumber>155</routeNumber><routeScheduleNumber>1</routeScheduleNumber></journeyModels><journeyPatternModels><daysOfOperation>2</daysOfOperation><daysOfOperation>3</daysOfOperation><daysOfOperation>4</daysOfOperation><daysOfOperation>5</daysOfOperation><daysOfOperation>6</daysOfOperation><duration>3</duration><endTime>2020-07-24T22:21:59.596+02:00</endTime><frequency>15</frequency><name>Mon-Fri</name><outgoingTerminus>S+U Pankow</outgoingTerminus><returnTerminus>Rathaus Pankow</returnTerminus><routeNumber>155</routeNumber><startTime>2020-07-24T22:21:59.595+02:00</startTime><timetableName>Mon-Fri</timetableName></journeyPatternModels><routeModels><routeNumber>155</routeNumber><stopNames>Rathaus Pankow</stopNames><stopNames>Pankow Kirche</stopNames><stopNames>S+U Pankow</stopNames></routeModels><routeScheduleModels><delay>5</delay><routeNumber>155</routeNumber><scheduleNumber>1</scheduleNumber></routeScheduleModels><stops>Ossietzkyplatz</stops><stops>Rathaus Pankow</stops><stops>Pankow Kirche</stops><stops>S+U Pankow</stops><timetableModels><name>myTimetable</name><routeNumber>155</routeNumber><validFromDate>2020-07-24T22:21:59.580+02:00</validFromDate><validToDate>2020-07-24T22:21:59.580+02:00</validToDate></timetableModels><vehicleModels><deliveryDate>2014-05-20T22:21:59.379+02:00</deliveryDate><depreciationFactor>0.06</depreciationFactor><imagePath>singledecker.png</imagePath><model>Mercedes</model><purchasePrice>20000.0</purchasePrice><registrationNumber>CV58 2DX</registrationNumber><routeNumber>155</routeNumber><routeScheduleNumber>1</routeScheduleNumber><seatingCapacity>45</seatingCapacity><standingCapacity>20</standingCapacity></vehicleModels></tramsFile>