<?xml version="1.0" encoding="UTF-8" standalone="yes"?><tramsFile><driverModels><contractedHours>40</contractedHours><name>Chris Lee</name><startDate>2014-05-20T21:07:39.106+02:00</startDate></driverModels><gameModel><balance>0.0</balance><passengerSatisfaction>0</passengerSatisfaction><playerName>Dave Lee</playerName><scenarioName>Landuff Transport Company</scenarioName><timeIncrement>0</timeIncrement></gameModel><journeyModels><journeyNumber>1</journeyNumber><routeNumber>M2</routeNumber><routeScheduleNumber>1</routeScheduleNumber></journeyModels><journeyPatternModels><daysOfOperation>2</daysOfOperation><daysOfOperation>3</daysOfOperation><daysOfOperation>4</daysOfOperation><daysOfOperation>5</daysOfOperation><daysOfOperation>6</daysOfOperation><duration>3</duration><endTime>2017-04-12T21:07:39.127+02:00</endTime><frequency>15</frequency><name>Mon-Fri</name><outgoingTerminus>S+U Pankow</outgoingTerminus><returnTerminus>Rathaus Pankow</returnTerminus><routeNumber>155</routeNumber><startTime>2017-04-12T21:07:39.127+02:00</startTime><timetableName>Mon-Fri Times</timetableName></journeyPatternModels><messageModels><date>12-04-2017</date><messageFolder>INBOX</messageFolder><sender>Dave Lee</sender><subject>Test Message</subject><text>This is a test message</text></messageModels><routeModels><routeNumber>M2</routeNumber><stopNames>Heinersdorf</stopNames><stopNames>Am Steinberg</stopNames><stopNames>Alexanderplatz</stopNames></routeModels><routeScheduleModels><delay>10</delay><routeNumber>M1</routeNumber><scheduleNumber>1</scheduleNumber></routeScheduleModels><stopTimeModels><journeyNumber>1</journeyNumber><routeScheduleNumber>0</routeScheduleNumber><stopName>Heinersdorf</stopName><time>2017-04-12T21:07:39.131+02:00</time></stopTimeModels><stops>Heinersdorf</stops><stops>Am Steinberg</stops><stops>Alexanderplatz</stops><stops>Danziger Strasse</stops><timetableModels><name>Test</name><routeNumber>M1</routeNumber><validFromDate>2014-05-20T21:07:39.106+02:00</validFromDate><validToDate>2014-05-20T21:07:39.106+02:00</validToDate></timetableModels><vehicleModels><depreciationFactor>0.0</depreciationFactor><imagePath>singlebus.png</imagePath><model>MyBus Single Decker</model><purchasePrice>85000.0</purchasePrice><routeScheduleNumber>0</routeScheduleNumber><seatingCapacity>44</seatingCapacity><standingCapacity>36</standingCapacity></vehicleModels></tramsFile>