<?xml version="1.0" encoding="UTF-8" standalone="yes"?><tramsFile><driverModels><contractedHours>20</contractedHours><name>Max Mustermann</name><startDate>2017-04-15T21:16:13.757+02:00</startDate></driverModels><driverModels><contractedHours>20</contractedHours><name>Micha Mustermann</name><startDate>2013-05-20T21:16:13.800+02:00</startDate></driverModels><gameModel><balance>80000.0</balance><currentTime>2017-04-01T04:00:13.859+02:00</currentTime><difficultyLevel>EASY</difficultyLevel><passengerSatisfaction>100</passengerSatisfaction><playerName>Dave Lee</playerName><scenarioName>Landuff Transport Company</scenarioName><timeIncrement>15</timeIncrement></gameModel></tramsFile>