<?xml version="1.0" encoding="UTF-8" standalone="yes"?><tramsFile><driverModels><contractedHours>20</contractedHours><name>Max Mustermann</name><startDate>2017-04-07T19:30:35.728+02:00</startDate></driverModels><driverModels><contractedHours>20</contractedHours><name>Micha Mustermann</name><startDate>2013-05-20T19:30:35.783+02:00</startDate></driverModels><driverModels><contractedHours>40</contractedHours><name>Rachel Lee</name><startDate>2014-05-20T19:30:36.680+02:00</startDate></driverModels><driverModels><contractedHours>35</contractedHours><name>Brian Lee</name><startDate>2014-05-20T19:30:36.680+02:00</startDate></driverModels><driverModels><contractedHours>30</contractedHours><startDate>2014-05-20T19:30:36.680+02:00</startDate></driverModels><driverModels><contractedHours>40</contractedHours><name>Dave Lee</name><startDate>2014-05-20T19:30:36.709+02:00</startDate></driverModels><driverModels><contractedHours>40</contractedHours><name>Chris Lee</name><startDate>2014-05-20T19:30:36.756+02:00</startDate></driverModels><gameModel><balance>0.0</balance><passengerSatisfaction>0</passengerSatisfaction><playerName>Dave Lee</playerName><scenarioName>Landuff Transport Company</scenarioName><timeIncrement>0</timeIncrement></gameModel><journeyModels><journeyNumber>1</journeyNumber><routeNumber>155</routeNumber><routeScheduleNumber>1</routeScheduleNumber></journeyModels><journeyModels><journeyNumber>1</journeyNumber><routeNumber>M2</routeNumber><routeScheduleNumber>1</routeScheduleNumber></journeyModels><journeyPatternModels><daysOfOperation>2</daysOfOperation><daysOfOperation>3</daysOfOperation><daysOfOperation>4</daysOfOperation><daysOfOperation>5</daysOfOperation><daysOfOperation>6</daysOfOperation><duration>3</duration><endTime>2017-04-07T19:30:36.401+02:00</endTime><frequency>15</frequency><name>Mon-Fri</name><outgoingTerminus>S+U Pankow</outgoingTerminus><returnTerminus>Rathaus Pankow</returnTerminus><routeNumber>155</routeNumber><startTime>2017-04-07T19:30:36.401+02:00</startTime><timetableName>Mon-Fri</timetableName></journeyPatternModels><journeyPatternModels><daysOfOperation>2</daysOfOperation><daysOfOperation>3</daysOfOperation><daysOfOperation>4</daysOfOperation><daysOfOperation>5</daysOfOperation><daysOfOperation>6</daysOfOperation><duration>3</duration><endTime>2017-04-07T19:30:36.793+02:00</endTime><frequency>15</frequency><name>Mon-Fri</name><outgoingTerminus>S+U Pankow</outgoingTerminus><returnTerminus>Rathaus Pankow</returnTerminus><routeNumber>155</routeNumber><startTime>2017-04-07T19:30:36.793+02:00</startTime><timetableName>Mon-Fri Times</timetableName></journeyPatternModels><messageModels><date>07-04-2017</date><messageFolder>INBOX</messageFolder><sender>Dave Lee</sender><subject>Test Message</subject><text>This is a test message</text></messageModels><routeModels><routeNumber>155</routeNumber><stopNames>Rathaus Pankow</stopNames><stopNames>Pankow Kirche</stopNames><stopNames>S+U Pankow</stopNames></routeModels><routeModels><routeNumber>M2</routeNumber><stopNames>Heinersdorf</stopNames><stopNames>Am Steinberg</stopNames><stopNames>Alexanderplatz</stopNames></routeModels><routeScheduleModels><delay>5</delay><routeNumber>155</routeNumber><scheduleNumber>1</scheduleNumber></routeScheduleModels><routeScheduleModels><delay>10</delay><routeNumber>M1</routeNumber><scheduleNumber>1</scheduleNumber></routeScheduleModels><stopTimeModels><journeyNumber>1</journeyNumber><routeScheduleNumber>0</routeScheduleNumber><stopName>Heinersdorf</stopName><time>2017-04-07T19:30:36.843+02:00</time></stopTimeModels><stops>Rathaus Pankow</stops><stops>Pankow Kirche</stops><stops>S+U Pankow</stops><stops>Ossietzkyplatz</stops><stops>Heinersdorf</stops><stops>Am Steinberg</stops><stops>Alexanderplatz</stops><stops>Danziger Strasse</stops><timetableModels><name>myTimetable</name><routeNumber>155</routeNumber><validFromDate>2017-04-07T19:30:36.579+02:00</validFromDate><validToDate>2017-04-07T19:30:36.579+02:00</validToDate></timetableModels><timetableModels><name>Test</name><routeNumber>M1</routeNumber><validFromDate>2014-05-20T19:30:36.756+02:00</validFromDate><validToDate>2014-05-20T19:30:36.756+02:00</validToDate></timetableModels><vehicleModels><deliveryDate>2014-04-07T19:30:36.299+02:00</deliveryDate><depreciationFactor>0.0</depreciationFactor><imagePath>singlebus.png</imagePath><model>MyBus Single Decker</model><purchasePrice>85000.0</purchasePrice><registrationNumber>2014-XONDC</registrationNumber><routeScheduleNumber>0</routeScheduleNumber><seatingCapacity>44</seatingCapacity><standingCapacity>36</standingCapacity></vehicleModels><vehicleModels><depreciationFactor>0.0</depreciationFactor><imagePath>singlebus.png</imagePath><model>MyBus Single Decker</model><purchasePrice>85000.0</purchasePrice><routeScheduleNumber>0</routeScheduleNumber><seatingCapacity>44</seatingCapacity><standingCapacity>36</standingCapacity></vehicleModels></tramsFile>