<?xml version="1.0" encoding="UTF-8" standalone="yes"?><tramsFile><driverModels><contractedHours>20</contractedHours><name>Max Mustermann</name><startDate>2017-04-14T08:01:15.845+02:00</startDate></driverModels><driverModels><contractedHours>20</contractedHours><name>Micha Mustermann</name><startDate>2013-05-20T08:01:15.900+02:00</startDate></driverModels><gameModel><balance>80000.0</balance><currentTime>2017-04-01T04:00:15.965+02:00</currentTime><difficultyLevel>EASY</difficultyLevel><passengerSatisfaction>100</passengerSatisfaction><playerName>Dave Lee</playerName><previousTime>2017-04-01T04:00:15.965+02:00</previousTime><scenarioName>Landuff Transport Company</scenarioName><timeIncrement>15</timeIncrement></gameModel></tramsFile>