<?xml version="1.0" encoding="UTF-8" standalone="yes"?><tramsFile><drivers><contractedHours>20</contractedHours><name>Max Mustermann</name><startDate>2017-03-30T18:55:02.523+02:00</startDate></drivers><drivers><contractedHours>20</contractedHours><name>Micha Mustermann</name><startDate>2013-05-20T18:55:02.559+02:00</startDate></drivers><drivers><contractedHours>40</contractedHours><name>Rachel Lee</name><startDate>2014-05-20T18:55:03.133+02:00</startDate></drivers><drivers><contractedHours>35</contractedHours><name>Brian Lee</name><startDate>2014-05-20T18:55:03.133+02:00</startDate></drivers><drivers><contractedHours>30</contractedHours><startDate>2014-05-20T18:55:03.133+02:00</startDate></drivers><drivers><contractedHours>40</contractedHours><name>Dave Lee</name><startDate>2014-05-20T18:55:03.175+02:00</startDate></drivers><drivers><contractedHours>40</contractedHours><name>Chris Lee</name><startDate>2014-05-20T18:55:03.552+02:00</startDate></drivers><gameModel><balance>80000.0</balance><currentTime>2017-03-30T18:55:02.196+02:00</currentTime><difficultyLevel>EASY</difficultyLevel><passengerSatisfaction>0</passengerSatisfaction><playerName>John Smith</playerName><previousTime>2017-03-30T18:55:02.196+02:00</previousTime><scenarioName>Landuff</scenarioName><timeIncrement>15</timeIncrement></gameModel><gameModel><balance>0.0</balance><passengerSatisfaction>0</passengerSatisfaction><playerName>Dave Lee</playerName><scenarioName>Landuff Transport Company</scenarioName><timeIncrement>0</timeIncrement></gameModel><journeyModels><journeyNumber>1</journeyNumber><routeNumber>155</routeNumber><routeScheduleNumber>1</routeScheduleNumber></journeyModels><journeyModels><journeyNumber>1</journeyNumber><routeNumber>M2</routeNumber><routeScheduleNumber>1</routeScheduleNumber></journeyModels><journeyPatternModels><daysOfOperation>2</daysOfOperation><daysOfOperation>3</daysOfOperation><daysOfOperation>4</daysOfOperation><daysOfOperation>5</daysOfOperation><daysOfOperation>6</daysOfOperation><duration>3</duration><endTime>2017-03-30T18:55:02.769+02:00</endTime><frequency>15</frequency><name>Mon-Fri</name><outgoingTerminus>S+U Pankow</outgoingTerminus><returnTerminus>Rathaus Pankow</returnTerminus><routeNumber>155</routeNumber><startTime>2017-03-30T18:55:02.769+02:00</startTime><timetableName>Mon-Fri</timetableName></journeyPatternModels><journeyPatternModels><daysOfOperation>2</daysOfOperation><daysOfOperation>3</daysOfOperation><daysOfOperation>4</daysOfOperation><daysOfOperation>5</daysOfOperation><daysOfOperation>6</daysOfOperation><duration>3</duration><endTime>2017-03-30T18:55:03.599+02:00</endTime><frequency>15</frequency><name>Mon-Fri</name><outgoingTerminus>S+U Pankow</outgoingTerminus><returnTerminus>Rathaus Pankow</returnTerminus><routeNumber>155</routeNumber><startTime>2017-03-30T18:55:03.599+02:00</startTime><timetableName>Mon-Fri Times</timetableName></journeyPatternModels><messageModels><date>2017-03-30T18:55:03.572+02:00</date><messageFolder>INBOX</messageFolder><sender>Dave Lee</sender><subject>Test Message</subject><text>This is a test message</text></messageModels><routeScheduleModels><delay>5</delay><routeNumber>155</routeNumber><scheduleNumber>1</scheduleNumber></routeScheduleModels><routeScheduleModels><delay>10</delay><routeNumber>M1</routeNumber><scheduleNumber>1</scheduleNumber></routeScheduleModels><routes><routeNumber>155</routeNumber><stopNames>Rathaus Pankow</stopNames><stopNames>Pankow Kirche</stopNames><stopNames>S+U Pankow</stopNames></routes><routes><routeNumber>M2</routeNumber><stopNames>Heinersdorf</stopNames><stopNames>Am Steinberg</stopNames><stopNames>Alexanderplatz</stopNames></routes><stopTimeModels><journeyNumber>1</journeyNumber><routeScheduleNumber>0</routeScheduleNumber><stopName>Heinersdorf</stopName><time>2017-03-30T18:55:03.635+02:00</time></stopTimeModels><stops>Rathaus Pankow</stops><stops>Pankow Kirche</stops><stops>S+U Pankow</stops><stops>Ossietzkyplatz</stops><stops>Heinersdorf</stops><stops>Am Steinberg</stops><stops>Alexanderplatz</stops><stops>Danziger Strasse</stops><timetableModels><name>myTimetable</name><routeNumber>155</routeNumber><validFromDate>2017-03-30T18:55:03.001+02:00</validFromDate><validToDate>2017-03-30T18:55:03.001+02:00</validToDate></timetableModels><timetableModels><name>Test</name><routeNumber>M1</routeNumber><validFromDate>2014-05-20T18:55:03.552+02:00</validFromDate><validToDate>2014-05-20T18:55:03.552+02:00</validToDate></timetableModels><vehicleModels><deliveryDate>2014-03-30T18:55:02.659+02:00</deliveryDate><depreciationFactor>0.0</depreciationFactor><imagePath>singlebus.png</imagePath><model>MyBus Single Decker</model><purchasePrice>85000.0</purchasePrice><registrationNumber>2014-ETDSA</registrationNumber><routeScheduleNumber>0</routeScheduleNumber><seatingCapacity>44</seatingCapacity><standingCapacity>36</standingCapacity></vehicleModels><vehicleModels><depreciationFactor>0.0</depreciationFactor><imagePath>singlebus.png</imagePath><model>MyBus Single Decker</model><purchasePrice>85000.0</purchasePrice><routeScheduleNumber>0</routeScheduleNumber><seatingCapacity>44</seatingCapacity><standingCapacity>36</standingCapacity></vehicleModels></tramsFile>