<?xml version="1.0" encoding="UTF-8"?>
<beans xmlns="http://www.springframework.org/schema/beans"
       xmlns:xsi="http://www.w3.org/2001/XMLSchema-instance"
       xmlns:context="http://www.springframework.org/schema/context"
       xsi:schemaLocation="http://www.springframework.org/schema/beans
       		http://www.springframework.org/schema/beans/spring-beans-3.0.xsd
       		http://www.springframework.org/schema/context
       		http://www.springframework.org/schema/context/spring-context-3.0.xsd">

    <context:component-scan base-package="de.davelee.trams.controllers, de.davelee.trams.factory, de.davelee.trams.services"/>

    <import resource="scenario-context.xml"/>
    <import resource="vehicle-context.xml"/>
    <import resource="database-context.xml"/>

</beans>